2025-12-19T15:19:36.764+05:30  INFO 20992 --- [config-service] [main] c.m.c.ConfigServiceApplication           : Starting ConfigServiceApplication using Java 17 with PID 20992 (D:\Projects\microservice-spring-with-docker\microservices ecom-app\config-service\target\classes started by moham in D:\Projects\microservice-spring-with-docker\microservices ecom-app)
2025-12-19T15:19:36.767+05:30  INFO 20992 --- [config-service] [main] c.m.c.ConfigServiceApplication           : The following 1 profile is active: "native"
2025-12-19T15:19:38.801+05:30  INFO 20992 --- [config-service] [main] faultConfiguringBeanFactoryPostProcessor : No bean named 'errorChannel' has been explicitly defined. Therefore, a default PublishSubscribeChannel will be created.
2025-12-19T15:19:38.824+05:30  INFO 20992 --- [config-service] [main] faultConfiguringBeanFactoryPostProcessor : No bean named 'integrationHeaderChannelRegistry' has been explicitly defined. Therefore, a default DefaultHeaderChannelRegistry will be created.
2025-12-19T15:19:38.935+05:30  INFO 20992 --- [config-service] [main] o.s.cloud.context.scope.GenericScope     : BeanFactory id=98c411ac-d232-3a91-bc61-1445b87c9a42
2025-12-19T15:19:39.663+05:30  INFO 20992 --- [config-service] [main] o.s.boot.tomcat.TomcatWebServer          : Tomcat initialized with port 8888 (http)
2025-12-19T15:19:39.681+05:30  INFO 20992 --- [config-service] [main] o.apache.catalina.core.StandardService   : Starting service [Tomcat]
2025-12-19T15:19:39.682+05:30  INFO 20992 --- [config-service] [main] o.apache.catalina.core.StandardEngine    : Starting Servlet engine: [Apache Tomcat/11.0.14]
2025-12-19T15:19:39.842+05:30  INFO 20992 --- [config-service] [main] b.w.c.s.WebApplicationContextInitializer : Root WebApplicationContext: initialization completed in 3046 ms
2025-12-19T15:19:41.926+05:30  INFO 20992 --- [config-service] [main] o.s.c.s.m.DirectWithAttributesChannel    : Channel 'config-service.springCloudBusInput' has 1 subscriber(s).
2025-12-19T15:19:44.595+05:30  INFO 20992 --- [config-service] [main] DiscoveryClientOptionalArgsConfiguration : Eureka HTTP Client uses RestClient.
2025-12-19T15:19:45.055+05:30  WARN 20992 --- [config-service] [main] iguration$LoadBalancerCaffeineWarnLogger : Spring Cloud LoadBalancer is currently working with the default cache. While this cache implementation is useful for development and tests, it's recommended to use Caffeine cache in production.You can switch to using Caffeine cache, by adding it and org.springframework.cache.caffeine.CaffeineCacheManager to the classpath.
2025-12-19T15:19:45.068+05:30  INFO 20992 --- [config-service] [main] o.s.b.a.e.web.EndpointLinksResolver      : Exposing 24 endpoints beneath base path '/actuator'
2025-12-19T15:19:45.313+05:30  INFO 20992 --- [config-service] [main] figuration$IntegrationJmxConfiguration$1 : Registering MessageChannel errorChannel
2025-12-19T15:19:45.326+05:30  INFO 20992 --- [config-service] [main] figuration$IntegrationJmxConfiguration$1 : Registering MessageChannel springCloudBusInput
2025-12-19T15:19:45.333+05:30  INFO 20992 --- [config-service] [main] figuration$IntegrationJmxConfiguration$1 : Registering MessageChannel nullChannel
2025-12-19T15:19:45.339+05:30  INFO 20992 --- [config-service] [main] figuration$IntegrationJmxConfiguration$1 : Registering MessageHandler _org.springframework.integration.errorLogger
2025-12-19T15:19:45.356+05:30  INFO 20992 --- [config-service] [main] o.s.i.endpoint.EventDrivenConsumer       : Adding {logging-channel-adapter:_org.springframework.integration.errorLogger} as a subscriber to the 'errorChannel' channel
2025-12-19T15:19:45.356+05:30  INFO 20992 --- [config-service] [main] o.s.i.channel.PublishSubscribeChannel    : Channel 'config-service.errorChannel' has 1 subscriber(s).
2025-12-19T15:19:45.356+05:30  INFO 20992 --- [config-service] [main] o.s.i.endpoint.EventDrivenConsumer       : started bean '_org.springframework.integration.errorLogger'
2025-12-19T15:19:45.407+05:30  INFO 20992 --- [config-service] [main] o.s.c.n.eureka.InstanceInfoFactory       : Setting initial instance status as: STARTING
2025-12-19T15:19:45.454+05:30  INFO 20992 --- [config-service] [main] com.netflix.discovery.DiscoveryClient    : Initializing Eureka in region us-east-1
2025-12-19T15:19:45.465+05:30  INFO 20992 --- [config-service] [main] c.n.d.s.r.aws.ConfigClusterResolver      : Resolving eureka endpoints via configuration
2025-12-19T15:19:45.483+05:30  INFO 20992 --- [config-service] [main] com.netflix.discovery.DiscoveryClient    : Disable delta property : false
2025-12-19T15:19:45.484+05:30  INFO 20992 --- [config-service] [main] com.netflix.discovery.DiscoveryClient    : Single vip registry refresh property : null
2025-12-19T15:19:45.484+05:30  INFO 20992 --- [config-service] [main] com.netflix.discovery.DiscoveryClient    : Force full registry fetch : false
2025-12-19T15:19:45.484+05:30  INFO 20992 --- [config-service] [main] com.netflix.discovery.DiscoveryClient    : Application is null : false
2025-12-19T15:19:45.485+05:30  INFO 20992 --- [config-service] [main] com.netflix.discovery.DiscoveryClient    : Registered Applications size is zero : true
2025-12-19T15:19:45.485+05:30  INFO 20992 --- [config-service] [main] com.netflix.discovery.DiscoveryClient    : Application version is -1: true
2025-12-19T15:19:45.485+05:30  INFO 20992 --- [config-service] [main] com.netflix.discovery.DiscoveryClient    : Getting all instance registry info from the eureka server
2025-12-19T15:19:46.348+05:30  INFO 20992 --- [config-service] [main] com.netflix.discovery.DiscoveryClient    : The response status is 200
2025-12-19T15:19:46.350+05:30  INFO 20992 --- [config-service] [main] com.netflix.discovery.DiscoveryClient    : Starting heartbeat executor: renew interval is: 30
2025-12-19T15:19:46.355+05:30  INFO 20992 --- [config-service] [main] c.n.discovery.InstanceInfoReplicator     : InstanceInfoReplicator onDemand update allowed rate per min is 4
2025-12-19T15:19:46.357+05:30  INFO 20992 --- [config-service] [main] com.netflix.discovery.DiscoveryClient    : Discovery Client initialized at timestamp 1766137786357 with initial instances count: 0
2025-12-19T15:19:46.362+05:30  INFO 20992 --- [config-service] [main] o.s.c.n.e.s.EurekaServiceRegistry        : Registering application CONFIG-SERVICE with eureka with status UP
2025-12-19T15:19:46.363+05:30  INFO 20992 --- [config-service] [main] com.netflix.discovery.DiscoveryClient    : Saw local status change event StatusChangeEvent [timestamp=1766137786363, current=UP, previous=STARTING]
2025-12-19T15:19:46.367+05:30  INFO 20992 --- [config-service] [DiscoveryClient-InstanceInfoReplicator-%d] com.netflix.discovery.DiscoveryClient    : DiscoveryClient_CONFIG-SERVICE/host.docker.internal:config-service:8888: registering service...
2025-12-19T15:19:46.369+05:30  INFO 20992 --- [config-service] [main] o.s.c.s.binder.DefaultBinderFactory      : Creating binder: rabbit
2025-12-19T15:19:46.369+05:30  INFO 20992 --- [config-service] [main] o.s.c.s.binder.DefaultBinderFactory      : Constructing binder child context for rabbit
2025-12-19T15:19:46.557+05:30  INFO 20992 --- [config-service] [main] o.s.c.s.binder.DefaultBinderFactory      : Caching the binder: rabbit
2025-12-19T15:19:46.589+05:30  INFO 20992 --- [config-service] [main] c.s.b.r.p.RabbitExchangeQueueProvisioner : declaring queue for inbound: springCloudBus.anonymous.g6heznsmTpmZwRx4UlMxUQ, bound to: springCloudBus
2025-12-19T15:19:46.602+05:30  INFO 20992 --- [config-service] [main] o.s.a.r.c.CachingConnectionFactory       : Attempting to connect to: [localhost:5672]
2025-12-19T15:19:46.674+05:30  INFO 20992 --- [config-service] [DiscoveryClient-InstanceInfoReplicator-%d] com.netflix.discovery.DiscoveryClient    : DiscoveryClient_CONFIG-SERVICE/host.docker.internal:config-service:8888 - registration status: 204
2025-12-19T15:19:46.720+05:30  INFO 20992 --- [config-service] [main] o.s.a.r.c.CachingConnectionFactory       : Created new connection: rabbitConnectionFactory#6cd6698b:0/SimpleConnection@321c01c2 [delegate=amqp://guest@127.0.0.1:5672/, localPort=49237]
2025-12-19T15:19:46.835+05:30  INFO 20992 --- [config-service] [main] o.s.c.stream.binder.BinderErrorChannel   : Channel 'rabbit-1795102078.springCloudBusInput.errors' has 1 subscriber(s).
2025-12-19T15:19:46.838+05:30  INFO 20992 --- [config-service] [main] o.s.c.stream.binder.BinderErrorChannel   : Channel 'rabbit-1795102078.springCloudBusInput.errors' has 2 subscriber(s).
2025-12-19T15:19:46.885+05:30  INFO 20992 --- [config-service] [main] o.s.i.a.i.AmqpInboundChannelAdapter      : started bean 'inbound.springCloudBus.anonymous.g6heznsmTpmZwRx4UlMxUQ'
2025-12-19T15:19:46.934+05:30  INFO 20992 --- [config-service] [main] o.s.boot.tomcat.TomcatWebServer          : Tomcat started on port 8888 (http) with context path '/'
2025-12-19T15:19:46.936+05:30  INFO 20992 --- [config-service] [main] .s.c.n.e.s.EurekaAutoServiceRegistration : Updating port to 8888
2025-12-19T15:19:47.659+05:30  INFO 20992 --- [config-service] [main] figuration$IntegrationJmxConfiguration$1 : Registering MessageChannel rabbit-1795102078.springCloudBusInput.errors
2025-12-19T15:19:47.712+05:30  INFO 20992 --- [config-service] [main] c.m.c.ConfigServiceApplication           : Started ConfigServiceApplication in 11.567 seconds (process running for 12.492)
2025-12-19T15:19:48.319+05:30  INFO 20992 --- [config-service] [RMI TCP Connection(4)-192.168.29.168] o.a.c.c.C.[Tomcat].[localhost].[/]       : Initializing Spring DispatcherServlet 'dispatcherServlet'
2025-12-19T15:19:48.320+05:30  INFO 20992 --- [config-service] [RMI TCP Connection(4)-192.168.29.168] o.s.web.servlet.DispatcherServlet        : Initializing Servlet 'dispatcherServlet'
2025-12-19T15:19:48.323+05:30  INFO 20992 --- [config-service] [RMI TCP Connection(4)-192.168.29.168] o.s.web.servlet.DispatcherServlet        : Completed initialization in 3 ms
2025-12-19T15:20:16.355+05:30  INFO 20992 --- [config-service] [DiscoveryClient-CacheRefreshExecutor-%d] com.netflix.discovery.DiscoveryClient    : Disable delta property : false
2025-12-19T15:20:16.357+05:30  INFO 20992 --- [config-service] [DiscoveryClient-CacheRefreshExecutor-%d] com.netflix.discovery.DiscoveryClient    : Single vip registry refresh property : null
2025-12-19T15:20:16.358+05:30  INFO 20992 --- [config-service] [DiscoveryClient-CacheRefreshExecutor-%d] com.netflix.discovery.DiscoveryClient    : Force full registry fetch : false
2025-12-19T15:20:16.358+05:30  INFO 20992 --- [config-service] [DiscoveryClient-CacheRefreshExecutor-%d] com.netflix.discovery.DiscoveryClient    : Application is null : false
2025-12-19T15:20:16.361+05:30  INFO 20992 --- [config-service] [DiscoveryClient-CacheRefreshExecutor-%d] com.netflix.discovery.DiscoveryClient    : Registered Applications size is zero : true
2025-12-19T15:20:16.362+05:30  INFO 20992 --- [config-service] [DiscoveryClient-CacheRefreshExecutor-%d] com.netflix.discovery.DiscoveryClient    : Application version is -1: false
2025-12-19T15:20:16.365+05:30  INFO 20992 --- [config-service] [DiscoveryClient-CacheRefreshExecutor-%d] com.netflix.discovery.DiscoveryClient    : Getting all instance registry info from the eureka server
2025-12-19T15:20:16.411+05:30  INFO 20992 --- [config-service] [DiscoveryClient-CacheRefreshExecutor-%d] com.netflix.discovery.DiscoveryClient    : The response status is 200
2025-12-19T15:21:33.389+05:30  INFO 20992 --- [config-service] [http-nio-8888-exec-1] o.s.c.c.s.e.NativeEnvironmentRepository  : Adding property source: Config resource 'file [D:\Projects\microservice-spring-with-docker\microservices ecom-app\config-service\src\main\resources\config\user-service.properties]' via location 'file:///D:\Projects\microservice-spring-with-docker\microservices ecom-app\config-service\src\main\resources\config/'
2025-12-19T15:21:44.576+05:30  INFO 20992 --- [config-service] [http-nio-8888-exec-2] o.s.c.c.s.e.NativeEnvironmentRepository  : Adding property source: Config resource 'file [D:\Projects\microservice-spring-with-docker\microservices ecom-app\config-service\src\main\resources\config\order-service.properties]' via location 'file:///D:\Projects\microservice-spring-with-docker\microservices ecom-app\config-service\src\main\resources\config/'
2025-12-19T15:21:54.454+05:30  INFO 20992 --- [config-service] [http-nio-8888-exec-6] o.s.c.c.s.e.NativeEnvironmentRepository  : Adding property source: Config resource 'file [D:\Projects\microservice-spring-with-docker\microservices ecom-app\config-service\src\main\resources\config\product-service.properties]' via location 'file:///D:\Projects\microservice-spring-with-docker\microservices ecom-app\config-service\src\main\resources\config/'
2025-12-19T15:23:40.189+05:30  INFO 20992 --- [config-service] [http-nio-8888-exec-8] o.s.c.c.s.e.NativeEnvironmentRepository  : Adding property source: Config resource 'file [D:\Projects\microservice-spring-with-docker\microservices ecom-app\config-service\src\main\resources\config\product-service.properties]' via location 'file:///D:\Projects\microservice-spring-with-docker\microservices ecom-app\config-service\src\main\resources\config/'
2025-12-19T15:23:45.750+05:30  INFO 20992 --- [config-service] [http-nio-8888-exec-4] o.s.c.c.s.e.NativeEnvironmentRepository  : Adding property source: Config resource 'file [D:\Projects\microservice-spring-with-docker\microservices ecom-app\config-service\src\main\resources\config\order-service.properties]' via location 'file:///D:\Projects\microservice-spring-with-docker\microservices ecom-app\config-service\src\main\resources\config/'
2025-12-19T15:24:45.499+05:30  INFO 20992 --- [config-service] [AsyncResolver-bootstrap-executor-%d] c.n.d.s.r.aws.ConfigClusterResolver      : Resolving eureka endpoints via configuration
2025-12-19T15:29:45.502+05:30  INFO 20992 --- [config-service] [AsyncResolver-bootstrap-executor-%d] c.n.d.s.r.aws.ConfigClusterResolver      : Resolving eureka endpoints via configuration
2025-12-19T15:34:45.515+05:30  INFO 20992 --- [config-service] [AsyncResolver-bootstrap-executor-%d] c.n.d.s.r.aws.ConfigClusterResolver      : Resolving eureka endpoints via configuration
2025-12-19T15:37:59.493+05:30  INFO 20992 --- [config-service] [http-nio-8888-exec-1] o.s.c.c.s.e.NativeEnvironmentRepository  : Adding property source: Config resource 'file [D:\Projects\microservice-spring-with-docker\microservices ecom-app\config-service\src\main\resources\config\product-service.properties]' via location 'file:///D:\Projects\microservice-spring-with-docker\microservices ecom-app\config-service\src\main\resources\config/'
2025-12-19T15:39:45.520+05:30  INFO 20992 --- [config-service] [AsyncResolver-bootstrap-executor-%d] c.n.d.s.r.aws.ConfigClusterResolver      : Resolving eureka endpoints via configuration
2025-12-19T15:44:45.536+05:30  INFO 20992 --- [config-service] [AsyncResolver-bootstrap-executor-%d] c.n.d.s.r.aws.ConfigClusterResolver      : Resolving eureka endpoints via configuration
2025-12-19T15:45:23.696+05:30  INFO 20992 --- [config-service] [SpringApplicationShutdownHook] o.s.c.n.e.s.EurekaServiceRegistry        : Unregistering application CONFIG-SERVICE with eureka with status DOWN
2025-12-19T15:45:23.696+05:30  INFO 20992 --- [config-service] [SpringApplicationShutdownHook] com.netflix.discovery.DiscoveryClient    : Saw local status change event StatusChangeEvent [timestamp=1766139323696, current=DOWN, previous=UP]
2025-12-19T15:45:23.696+05:30  INFO 20992 --- [config-service] [DiscoveryClient-InstanceInfoReplicator-%d] com.netflix.discovery.DiscoveryClient    : DiscoveryClient_CONFIG-SERVICE/host.docker.internal:config-service:8888: registering service...
2025-12-19T15:45:23.703+05:30  INFO 20992 --- [config-service] [DiscoveryClient-InstanceInfoReplicator-%d] com.netflix.discovery.DiscoveryClient    : DiscoveryClient_CONFIG-SERVICE/host.docker.internal:config-service:8888 - registration status: 204
2025-12-19T15:45:23.707+05:30  INFO 20992 --- [config-service] [SpringApplicationShutdownHook] o.s.boot.tomcat.GracefulShutdown         : Commencing graceful shutdown. Waiting for active requests to complete
2025-12-19T15:45:23.800+05:30  INFO 20992 --- [config-service] [tomcat-shutdown] o.s.boot.tomcat.GracefulShutdown         : Graceful shutdown complete
2025-12-19T15:45:23.815+05:30  INFO 20992 --- [config-service] [SpringApplicationShutdownHook] o.s.a.r.l.SimpleMessageListenerContainer : Waiting for workers to finish.
2025-12-19T15:45:24.229+05:30  INFO 20992 --- [config-service] [SpringApplicationShutdownHook] o.s.a.r.l.SimpleMessageListenerContainer : Successfully waited for workers to finish.
2025-12-19T15:45:24.230+05:30  INFO 20992 --- [config-service] [SpringApplicationShutdownHook] o.s.i.a.i.AmqpInboundChannelAdapter      : stopped bean 'inbound.springCloudBus.anonymous.g6heznsmTpmZwRx4UlMxUQ'
2025-12-19T15:45:24.241+05:30  INFO 20992 --- [config-service] [SpringApplicationShutdownHook] o.s.c.stream.binder.BinderErrorChannel   : Channel 'config-service.rabbit-1795102078.springCloudBusInput.errors' has 1 subscriber(s).
2025-12-19T15:45:24.243+05:30  INFO 20992 --- [config-service] [SpringApplicationShutdownHook] o.s.c.stream.binder.BinderErrorChannel   : Channel 'config-service.rabbit-1795102078.springCloudBusInput.errors' has 0 subscriber(s).
2025-12-19T15:45:24.277+05:30  INFO 20992 --- [config-service] [SpringApplicationShutdownHook] o.s.i.endpoint.EventDrivenConsumer       : Removing {logging-channel-adapter:_org.springframework.integration.errorLogger} as a subscriber to the 'errorChannel' channel
2025-12-19T15:45:24.277+05:30  INFO 20992 --- [config-service] [SpringApplicationShutdownHook] o.s.i.channel.PublishSubscribeChannel    : Channel 'config-service.errorChannel' has 0 subscriber(s).
2025-12-19T15:45:24.278+05:30  INFO 20992 --- [config-service] [SpringApplicationShutdownHook] o.s.i.endpoint.EventDrivenConsumer       : stopped bean '_org.springframework.integration.errorLogger'
2025-12-19T15:45:24.298+05:30  INFO 20992 --- [config-service] [SpringApplicationShutdownHook] com.netflix.discovery.DiscoveryClient    : Shutting down DiscoveryClient ...
2025-12-19T15:45:27.306+05:30  INFO 20992 --- [config-service] [SpringApplicationShutdownHook] com.netflix.discovery.DiscoveryClient    : Unregistering ...
2025-12-19T15:45:27.342+05:30  INFO 20992 --- [config-service] [SpringApplicationShutdownHook] c.n.d.s.t.d.RedirectingEurekaHttpClient  : Request execution error. endpoint=DefaultEndpoint{ serviceUrl='http://localhost:8761/eureka/} exception=I/O error on DELETE request for "http://localhost:8761/eureka/apps/CONFIG-SERVICE/host.docker.internal:config-service:8888": Connect to http://localhost:8761 failed: Connection refused: no further information stacktrace=org.springframework.web.client.ResourceAccessException: I/O error on DELETE request for "http://localhost:8761/eureka/apps/CONFIG-SERVICE/host.docker.internal:config-service:8888": Connect to http://localhost:8761 failed: Connection refused: no further information
	at org.springframework.web.client.DefaultRestClient$DefaultRequestBodyUriSpec.createResourceAccessException(DefaultRestClient.java:763)
	at org.springframework.web.client.DefaultRestClient$DefaultRequestBodyUriSpec.exchangeInternal(DefaultRestClient.java:615)
	at org.springframework.web.client.DefaultRestClient$DefaultRequestBodyUriSpec.exchange(DefaultRestClient.java:567)
	at org.springframework.web.client.RestClient$RequestHeadersSpec.exchange(RestClient.java:750)
	at org.springframework.web.client.DefaultRestClient$DefaultResponseSpec.executeAndExtract(DefaultRestClient.java:896)
	at org.springframework.web.client.DefaultRestClient$DefaultResponseSpec.toBodilessEntity(DefaultRestClient.java:860)
	at org.springframework.cloud.netflix.eureka.http.RestClientEurekaHttpClient.cancel(RestClientEurekaHttpClient.java:73)
	at com.netflix.discovery.shared.transport.decorator.EurekaHttpClientDecorator$2.execute(EurekaHttpClientDecorator.java:74)
	at com.netflix.discovery.shared.transport.decorator.RedirectingEurekaHttpClient.execute(RedirectingEurekaHttpClient.java:91)
	at com.netflix.discovery.shared.transport.decorator.EurekaHttpClientDecorator.cancel(EurekaHttpClientDecorator.java:71)
	at com.netflix.discovery.shared.transport.decorator.EurekaHttpClientDecorator$2.execute(EurekaHttpClientDecorator.java:74)
	at com.netflix.discovery.shared.transport.decorator.RetryableEurekaHttpClient.execute(RetryableEurekaHttpClient.java:120)
	at com.netflix.discovery.shared.transport.decorator.EurekaHttpClientDecorator.cancel(EurekaHttpClientDecorator.java:71)
	at com.netflix.discovery.shared.transport.decorator.EurekaHttpClientDecorator$2.execute(EurekaHttpClientDecorator.java:74)
	at com.netflix.discovery.shared.transport.decorator.SessionedEurekaHttpClient.execute(SessionedEurekaHttpClient.java:76)
	at com.netflix.discovery.shared.transport.decorator.EurekaHttpClientDecorator.cancel(EurekaHttpClientDecorator.java:71)
	at com.netflix.discovery.DiscoveryClient.unregister(DiscoveryClient.java:919)
	at com.netflix.discovery.DiscoveryClient.shutdown(DiscoveryClient.java:900)
	at java.base/jdk.internal.reflect.NativeMethodAccessorImpl.invoke0(Native Method)
	at java.base/jdk.internal.reflect.NativeMethodAccessorImpl.invoke(NativeMethodAccessorImpl.java:77)
	at java.base/jdk.internal.reflect.DelegatingMethodAccessorImpl.invoke(DelegatingMethodAccessorImpl.java:43)
	at java.base/java.lang.reflect.Method.invoke(Method.java:568)
	at org.springframework.beans.factory.annotation.InitDestroyAnnotationBeanPostProcessor$LifecycleMethod.invoke(InitDestroyAnnotationBeanPostProcessor.java:453)
	at org.springframework.beans.factory.annotation.InitDestroyAnnotationBeanPostProcessor$LifecycleMetadata.invokeDestroyMethods(InitDestroyAnnotationBeanPostProcessor.java:411)
	at org.springframework.beans.factory.annotation.InitDestroyAnnotationBeanPostProcessor.postProcessBeforeDestruction(InitDestroyAnnotationBeanPostProcessor.java:237)
	at org.springframework.beans.factory.support.DisposableBeanAdapter.destroy(DisposableBeanAdapter.java:200)
	at org.springframework.beans.factory.support.DisposableBeanAdapter.run(DisposableBeanAdapter.java:193)
	at org.springframework.cloud.context.scope.GenericScope$BeanLifecycleWrapper.destroy(GenericScope.java:387)
	at org.springframework.cloud.context.scope.GenericScope.destroy(GenericScope.java:134)
	at org.springframework.beans.factory.support.DisposableBeanAdapter.destroy(DisposableBeanAdapter.java:209)
	at org.springframework.beans.factory.support.DefaultSingletonBeanRegistry.destroyBean(DefaultSingletonBeanRegistry.java:795)
	at org.springframework.beans.factory.support.DefaultSingletonBeanRegistry.destroySingleton(DefaultSingletonBeanRegistry.java:745)
	at org.springframework.beans.factory.support.DefaultListableBeanFactory.destroySingleton(DefaultListableBeanFactory.java:1500)
	at org.springframework.beans.factory.support.DefaultSingletonBeanRegistry.destroySingletons(DefaultSingletonBeanRegistry.java:704)
	at org.springframework.beans.factory.support.DefaultListableBeanFactory.destroySingletons(DefaultListableBeanFactory.java:1493)
	at org.springframework.context.support.AbstractApplicationContext.destroyBeans(AbstractApplicationContext.java:1215)
	at org.springframework.context.support.AbstractApplicationContext.doClose(AbstractApplicationContext.java:1176)
	at org.springframework.boot.web.server.servlet.context.ServletWebServerApplicationContext.doClose(ServletWebServerApplicationContext.java:176)
	at org.springframework.context.support.AbstractApplicationContext.close(AbstractApplicationContext.java:1122)
	at org.springframework.boot.SpringApplicationShutdownHook.closeAndWait(SpringApplicationShutdownHook.java:147)
	at java.base/java.lang.Iterable.forEach(Iterable.java:75)
	at org.springframework.boot.SpringApplicationShutdownHook.run(SpringApplicationShutdownHook.java:116)
	at java.base/java.lang.Thread.run(Thread.java:833)
Caused by: org.apache.hc.client5.http.HttpHostConnectException: Connect to http://localhost:8761 failed: Connection refused: no further information
	at java.base/sun.nio.ch.Net.pollConnect(Native Method)
	at java.base/sun.nio.ch.Net.pollConnectNow(Net.java:672)
	at java.base/sun.nio.ch.NioSocketImpl.timedFinishConnect(NioSocketImpl.java:542)
	at java.base/sun.nio.ch.NioSocketImpl.connect(NioSocketImpl.java:597)
	at java.base/java.net.SocksSocketImpl.connect(SocksSocketImpl.java:327)
	at java.base/java.net.Socket.connect(Socket.java:633)
	at org.apache.hc.client5.http.impl.io.DefaultHttpClientConnectionOperator.connect(DefaultHttpClientConnectionOperator.java:215)
	at org.apache.hc.client5.http.impl.io.PoolingHttpClientConnectionManager.connect(PoolingHttpClientConnectionManager.java:497)
	at org.apache.hc.client5.http.impl.classic.InternalExecRuntime.connectEndpoint(InternalExecRuntime.java:164)
	at org.apache.hc.client5.http.impl.classic.InternalExecRuntime.connectEndpoint(InternalExecRuntime.java:174)
	at org.apache.hc.client5.http.impl.classic.ConnectExec.execute(ConnectExec.java:144)
	at org.apache.hc.client5.http.impl.classic.ExecChainElement.execute(ExecChainElement.java:51)
	at org.apache.hc.client5.http.impl.classic.ProtocolExec.execute(ProtocolExec.java:195)
	at org.apache.hc.client5.http.impl.classic.ExecChainElement.execute(ExecChainElement.java:51)
	at org.apache.hc.client5.http.impl.classic.ContentCompressionExec.execute(ContentCompressionExec.java:151)
	at org.apache.hc.client5.http.impl.classic.ExecChainElement.execute(ExecChainElement.java:51)
	at org.apache.hc.client5.http.impl.classic.HttpRequestRetryExec.execute(HttpRequestRetryExec.java:112)
	at org.apache.hc.client5.http.impl.classic.ExecChainElement.execute(ExecChainElement.java:51)
	at org.apache.hc.client5.http.impl.classic.RedirectExec.execute(RedirectExec.java:110)
	at org.apache.hc.client5.http.impl.classic.ExecChainElement.execute(ExecChainElement.java:51)
	at org.apache.hc.client5.http.impl.classic.InternalHttpClient.doExecute(InternalHttpClient.java:185)
	at org.apache.hc.client5.http.impl.classic.CloseableHttpClient.execute(CloseableHttpClient.java:87)
	at org.apache.hc.client5.http.impl.classic.CloseableHttpClient.execute(CloseableHttpClient.java:55)
	at org.apache.hc.client5.http.classic.HttpClient.executeOpen(HttpClient.java:183)
	at org.springframework.http.client.HttpComponentsClientHttpRequest.executeInternal(HttpComponentsClientHttpRequest.java:99)
	at org.springframework.http.client.AbstractStreamingClientHttpRequest.executeInternal(AbstractStreamingClientHttpRequest.java:87)
	at org.springframework.http.client.AbstractClientHttpRequest.execute(AbstractClientHttpRequest.java:80)
	at org.springframework.http.client.AbstractBufferingClientHttpRequest.executeWithRequest(AbstractBufferingClientHttpRequest.java:89)
	at org.springframework.http.client.InterceptingClientHttpRequest$EndOfChainRequestExecution.execute(InterceptingClientHttpRequest.java:102)
	at org.springframework.cloud.netflix.eureka.http.RestClientTransportClientFactory.lambda$newClient$2(RestClientTransportClientFactory.java:98)
	at org.springframework.http.client.ClientHttpRequestInterceptor.lambda$apply$0(ClientHttpRequestInterceptor.java:89)
	at org.springframework.http.client.InterceptingClientHttpRequest.executeInternal(InterceptingClientHttpRequest.java:73)
	at org.springframework.http.client.AbstractBufferingClientHttpRequest.executeInternal(AbstractBufferingClientHttpRequest.java:50)
	at org.springframework.http.client.AbstractClientHttpRequest.execute(AbstractClientHttpRequest.java:80)
	at org.springframework.web.client.DefaultRestClient$DefaultRequestBodyUriSpec.exchangeInternal(DefaultRestClient.java:609)
	... 41 more

2025-12-19T15:45:27.342+05:30  WARN 20992 --- [config-service] [SpringApplicationShutdownHook] c.n.d.s.t.d.RetryableEurekaHttpClient    : Request execution failed with message: I/O error on DELETE request for "http://localhost:8761/eureka/apps/CONFIG-SERVICE/host.docker.internal:config-service:8888": Connect to http://localhost:8761 failed: Connection refused: no further information
2025-12-19T15:45:27.382+05:30  INFO 20992 --- [config-service] [SpringApplicationShutdownHook] c.n.d.s.t.d.RedirectingEurekaHttpClient  : Request execution error. endpoint=DefaultEndpoint{ serviceUrl='http://localhost:8761/eureka/}, exception=I/O error on DELETE request for "http://localhost:8761/eureka/apps/CONFIG-SERVICE/host.docker.internal:config-service:8888": Connect to http://localhost:8761 failed: Connection refused: no further information stacktrace=org.springframework.web.client.ResourceAccessException: I/O error on DELETE request for "http://localhost:8761/eureka/apps/CONFIG-SERVICE/host.docker.internal:config-service:8888": Connect to http://localhost:8761 failed: Connection refused: no further information
	at org.springframework.web.client.DefaultRestClient$DefaultRequestBodyUriSpec.createResourceAccessException(DefaultRestClient.java:763)
	at org.springframework.web.client.DefaultRestClient$DefaultRequestBodyUriSpec.exchangeInternal(DefaultRestClient.java:615)
	at org.springframework.web.client.DefaultRestClient$DefaultRequestBodyUriSpec.exchange(DefaultRestClient.java:567)
	at org.springframework.web.client.RestClient$RequestHeadersSpec.exchange(RestClient.java:750)
	at org.springframework.web.client.DefaultRestClient$DefaultResponseSpec.executeAndExtract(DefaultRestClient.java:896)
	at org.springframework.web.client.DefaultRestClient$DefaultResponseSpec.toBodilessEntity(DefaultRestClient.java:860)
	at org.springframework.cloud.netflix.eureka.http.RestClientEurekaHttpClient.cancel(RestClientEurekaHttpClient.java:73)
	at com.netflix.discovery.shared.transport.decorator.EurekaHttpClientDecorator$2.execute(EurekaHttpClientDecorator.java:74)
	at com.netflix.discovery.shared.transport.decorator.RedirectingEurekaHttpClient.executeOnNewServer(RedirectingEurekaHttpClient.java:121)
	at com.netflix.discovery.shared.transport.decorator.RedirectingEurekaHttpClient.execute(RedirectingEurekaHttpClient.java:80)
	at com.netflix.discovery.shared.transport.decorator.EurekaHttpClientDecorator.cancel(EurekaHttpClientDecorator.java:71)
	at com.netflix.discovery.shared.transport.decorator.EurekaHttpClientDecorator$2.execute(EurekaHttpClientDecorator.java:74)
	at com.netflix.discovery.shared.transport.decorator.RetryableEurekaHttpClient.execute(RetryableEurekaHttpClient.java:120)
	at com.netflix.discovery.shared.transport.decorator.EurekaHttpClientDecorator.cancel(EurekaHttpClientDecorator.java:71)
	at com.netflix.discovery.shared.transport.decorator.EurekaHttpClientDecorator$2.execute(EurekaHttpClientDecorator.java:74)
	at com.netflix.discovery.shared.transport.decorator.SessionedEurekaHttpClient.execute(SessionedEurekaHttpClient.java:76)
	at com.netflix.discovery.shared.transport.decorator.EurekaHttpClientDecorator.cancel(EurekaHttpClientDecorator.java:71)
	at com.netflix.discovery.DiscoveryClient.unregister(DiscoveryClient.java:919)
	at com.netflix.discovery.DiscoveryClient.shutdown(DiscoveryClient.java:900)
	at java.base/jdk.internal.reflect.NativeMethodAccessorImpl.invoke0(Native Method)
	at java.base/jdk.internal.reflect.NativeMethodAccessorImpl.invoke(NativeMethodAccessorImpl.java:77)
	at java.base/jdk.internal.reflect.DelegatingMethodAccessorImpl.invoke(DelegatingMethodAccessorImpl.java:43)
	at java.base/java.lang.reflect.Method.invoke(Method.java:568)
	at org.springframework.beans.factory.annotation.InitDestroyAnnotationBeanPostProcessor$LifecycleMethod.invoke(InitDestroyAnnotationBeanPostProcessor.java:453)
	at org.springframework.beans.factory.annotation.InitDestroyAnnotationBeanPostProcessor$LifecycleMetadata.invokeDestroyMethods(InitDestroyAnnotationBeanPostProcessor.java:411)
	at org.springframework.beans.factory.annotation.InitDestroyAnnotationBeanPostProcessor.postProcessBeforeDestruction(InitDestroyAnnotationBeanPostProcessor.java:237)
	at org.springframework.beans.factory.support.DisposableBeanAdapter.destroy(DisposableBeanAdapter.java:200)
	at org.springframework.beans.factory.support.DisposableBeanAdapter.run(DisposableBeanAdapter.java:193)
	at org.springframework.cloud.context.scope.GenericScope$BeanLifecycleWrapper.destroy(GenericScope.java:387)
	at org.springframework.cloud.context.scope.GenericScope.destroy(GenericScope.java:134)
	at org.springframework.beans.factory.support.DisposableBeanAdapter.destroy(DisposableBeanAdapter.java:209)
	at org.springframework.beans.factory.support.DefaultSingletonBeanRegistry.destroyBean(DefaultSingletonBeanRegistry.java:795)
	at org.springframework.beans.factory.support.DefaultSingletonBeanRegistry.destroySingleton(DefaultSingletonBeanRegistry.java:745)
	at org.springframework.beans.factory.support.DefaultListableBeanFactory.destroySingleton(DefaultListableBeanFactory.java:1500)
	at org.springframework.beans.factory.support.DefaultSingletonBeanRegistry.destroySingletons(DefaultSingletonBeanRegistry.java:704)
	at org.springframework.beans.factory.support.DefaultListableBeanFactory.destroySingletons(DefaultListableBeanFactory.java:1493)
	at org.springframework.context.support.AbstractApplicationContext.destroyBeans(AbstractApplicationContext.java:1215)
	at org.springframework.context.support.AbstractApplicationContext.doClose(AbstractApplicationContext.java:1176)
	at org.springframework.boot.web.server.servlet.context.ServletWebServerApplicationContext.doClose(ServletWebServerApplicationContext.java:176)
	at org.springframework.context.support.AbstractApplicationContext.close(AbstractApplicationContext.java:1122)
	at org.springframework.boot.SpringApplicationShutdownHook.closeAndWait(SpringApplicationShutdownHook.java:147)
	at java.base/java.lang.Iterable.forEach(Iterable.java:75)
	at org.springframework.boot.SpringApplicationShutdownHook.run(SpringApplicationShutdownHook.java:116)
	at java.base/java.lang.Thread.run(Thread.java:833)
Caused by: org.apache.hc.client5.http.HttpHostConnectException: Connect to http://localhost:8761 failed: Connection refused: no further information
	at java.base/sun.nio.ch.Net.pollConnect(Native Method)
	at java.base/sun.nio.ch.Net.pollConnectNow(Net.java:672)
	at java.base/sun.nio.ch.NioSocketImpl.timedFinishConnect(NioSocketImpl.java:542)
	at java.base/sun.nio.ch.NioSocketImpl.connect(NioSocketImpl.java:597)
	at java.base/java.net.SocksSocketImpl.connect(SocksSocketImpl.java:327)
	at java.base/java.net.Socket.connect(Socket.java:633)
	at org.apache.hc.client5.http.impl.io.DefaultHttpClientConnectionOperator.connect(DefaultHttpClientConnectionOperator.java:215)
	at org.apache.hc.client5.http.impl.io.PoolingHttpClientConnectionManager.connect(PoolingHttpClientConnectionManager.java:497)
	at org.apache.hc.client5.http.impl.classic.InternalExecRuntime.connectEndpoint(InternalExecRuntime.java:164)
	at org.apache.hc.client5.http.impl.classic.InternalExecRuntime.connectEndpoint(InternalExecRuntime.java:174)
	at org.apache.hc.client5.http.impl.classic.ConnectExec.execute(ConnectExec.java:144)
	at org.apache.hc.client5.http.impl.classic.ExecChainElement.execute(ExecChainElement.java:51)
	at org.apache.hc.client5.http.impl.classic.ProtocolExec.execute(ProtocolExec.java:195)
	at org.apache.hc.client5.http.impl.classic.ExecChainElement.execute(ExecChainElement.java:51)
	at org.apache.hc.client5.http.impl.classic.ContentCompressionExec.execute(ContentCompressionExec.java:151)
	at org.apache.hc.client5.http.impl.classic.ExecChainElement.execute(ExecChainElement.java:51)
	at org.apache.hc.client5.http.impl.classic.HttpRequestRetryExec.execute(HttpRequestRetryExec.java:112)
	at org.apache.hc.client5.http.impl.classic.ExecChainElement.execute(ExecChainElement.java:51)
	at org.apache.hc.client5.http.impl.classic.RedirectExec.execute(RedirectExec.java:110)
	at org.apache.hc.client5.http.impl.classic.ExecChainElement.execute(ExecChainElement.java:51)
	at org.apache.hc.client5.http.impl.classic.InternalHttpClient.doExecute(InternalHttpClient.java:185)
	at org.apache.hc.client5.http.impl.classic.CloseableHttpClient.execute(CloseableHttpClient.java:87)
	at org.apache.hc.client5.http.impl.classic.CloseableHttpClient.execute(CloseableHttpClient.java:55)
	at org.apache.hc.client5.http.classic.HttpClient.executeOpen(HttpClient.java:183)
	at org.springframework.http.client.HttpComponentsClientHttpRequest.executeInternal(HttpComponentsClientHttpRequest.java:99)
	at org.springframework.http.client.AbstractStreamingClientHttpRequest.executeInternal(AbstractStreamingClientHttpRequest.java:87)
	at org.springframework.http.client.AbstractClientHttpRequest.execute(AbstractClientHttpRequest.java:80)
	at org.springframework.http.client.AbstractBufferingClientHttpRequest.executeWithRequest(AbstractBufferingClientHttpRequest.java:89)
	at org.springframework.http.client.InterceptingClientHttpRequest$EndOfChainRequestExecution.execute(InterceptingClientHttpRequest.java:102)
	at org.springframework.cloud.netflix.eureka.http.RestClientTransportClientFactory.lambda$newClient$2(RestClientTransportClientFactory.java:98)
	at org.springframework.http.client.ClientHttpRequestInterceptor.lambda$apply$0(ClientHttpRequestInterceptor.java:89)
	at org.springframework.http.client.InterceptingClientHttpRequest.executeInternal(InterceptingClientHttpRequest.java:73)
	at org.springframework.http.client.AbstractBufferingClientHttpRequest.executeInternal(AbstractBufferingClientHttpRequest.java:50)
	at org.springframework.http.client.AbstractClientHttpRequest.execute(AbstractClientHttpRequest.java:80)
	at org.springframework.web.client.DefaultRestClient$DefaultRequestBodyUriSpec.exchangeInternal(DefaultRestClient.java:609)
	... 42 more

2025-12-19T15:45:27.383+05:30  WARN 20992 --- [config-service] [SpringApplicationShutdownHook] c.n.d.s.t.d.RetryableEurekaHttpClient    : Request execution failed with message: I/O error on DELETE request for "http://localhost:8761/eureka/apps/CONFIG-SERVICE/host.docker.internal:config-service:8888": Connect to http://localhost:8761 failed: Connection refused: no further information
2025-12-19T15:45:27.383+05:30 ERROR 20992 --- [config-service] [SpringApplicationShutdownHook] com.netflix.discovery.DiscoveryClient    : DiscoveryClient_CONFIG-SERVICE/host.docker.internal:config-service:8888 - de-registration failedCannot execute request on any known server

com.netflix.discovery.shared.transport.TransportException: Cannot execute request on any known server
	at com.netflix.discovery.shared.transport.decorator.RetryableEurekaHttpClient.execute(RetryableEurekaHttpClient.java:112) ~[eureka-client-2.0.5.jar:2.0.5]
	at com.netflix.discovery.shared.transport.decorator.EurekaHttpClientDecorator.cancel(EurekaHttpClientDecorator.java:71) ~[eureka-client-2.0.5.jar:2.0.5]
	at com.netflix.discovery.shared.transport.decorator.EurekaHttpClientDecorator$2.execute(EurekaHttpClientDecorator.java:74) ~[eureka-client-2.0.5.jar:2.0.5]
	at com.netflix.discovery.shared.transport.decorator.SessionedEurekaHttpClient.execute(SessionedEurekaHttpClient.java:76) ~[eureka-client-2.0.5.jar:2.0.5]
	at com.netflix.discovery.shared.transport.decorator.EurekaHttpClientDecorator.cancel(EurekaHttpClientDecorator.java:71) ~[eureka-client-2.0.5.jar:2.0.5]
	at com.netflix.discovery.DiscoveryClient.unregister(DiscoveryClient.java:919) ~[eureka-client-2.0.5.jar:2.0.5]
	at com.netflix.discovery.DiscoveryClient.shutdown(DiscoveryClient.java:900) ~[eureka-client-2.0.5.jar:2.0.5]
	at java.base/jdk.internal.reflect.NativeMethodAccessorImpl.invoke0(Native Method) ~[na:na]
	at java.base/jdk.internal.reflect.NativeMethodAccessorImpl.invoke(NativeMethodAccessorImpl.java:77) ~[na:na]
	at java.base/jdk.internal.reflect.DelegatingMethodAccessorImpl.invoke(DelegatingMethodAccessorImpl.java:43) ~[na:na]
	at java.base/java.lang.reflect.Method.invoke(Method.java:568) ~[na:na]
	at org.springframework.beans.factory.annotation.InitDestroyAnnotationBeanPostProcessor$LifecycleMethod.invoke(InitDestroyAnnotationBeanPostProcessor.java:453) ~[spring-beans-7.0.1.jar:7.0.1]
	at org.springframework.beans.factory.annotation.InitDestroyAnnotationBeanPostProcessor$LifecycleMetadata.invokeDestroyMethods(InitDestroyAnnotationBeanPostProcessor.java:411) ~[spring-beans-7.0.1.jar:7.0.1]
	at org.springframework.beans.factory.annotation.InitDestroyAnnotationBeanPostProcessor.postProcessBeforeDestruction(InitDestroyAnnotationBeanPostProcessor.java:237) ~[spring-beans-7.0.1.jar:7.0.1]
	at org.springframework.beans.factory.support.DisposableBeanAdapter.destroy(DisposableBeanAdapter.java:200) ~[spring-beans-7.0.1.jar:7.0.1]
	at org.springframework.beans.factory.support.DisposableBeanAdapter.run(DisposableBeanAdapter.java:193) ~[spring-beans-7.0.1.jar:7.0.1]
	at org.springframework.cloud.context.scope.GenericScope$BeanLifecycleWrapper.destroy(GenericScope.java:387) ~[spring-cloud-context-5.0.0.jar:5.0.0]
	at org.springframework.cloud.context.scope.GenericScope.destroy(GenericScope.java:134) ~[spring-cloud-context-5.0.0.jar:5.0.0]
	at org.springframework.beans.factory.support.DisposableBeanAdapter.destroy(DisposableBeanAdapter.java:209) ~[spring-beans-7.0.1.jar:7.0.1]
	at org.springframework.beans.factory.support.DefaultSingletonBeanRegistry.destroyBean(DefaultSingletonBeanRegistry.java:795) ~[spring-beans-7.0.1.jar:7.0.1]
	at org.springframework.beans.factory.support.DefaultSingletonBeanRegistry.destroySingleton(DefaultSingletonBeanRegistry.java:745) ~[spring-beans-7.0.1.jar:7.0.1]
	at org.springframework.beans.factory.support.DefaultListableBeanFactory.destroySingleton(DefaultListableBeanFactory.java:1500) ~[spring-beans-7.0.1.jar:7.0.1]
	at org.springframework.beans.factory.support.DefaultSingletonBeanRegistry.destroySingletons(DefaultSingletonBeanRegistry.java:704) ~[spring-beans-7.0.1.jar:7.0.1]
	at org.springframework.beans.factory.support.DefaultListableBeanFactory.destroySingletons(DefaultListableBeanFactory.java:1493) ~[spring-beans-7.0.1.jar:7.0.1]
	at org.springframework.context.support.AbstractApplicationContext.destroyBeans(AbstractApplicationContext.java:1215) ~[spring-context-7.0.1.jar:7.0.1]
	at org.springframework.context.support.AbstractApplicationContext.doClose(AbstractApplicationContext.java:1176) ~[spring-context-7.0.1.jar:7.0.1]
	at org.springframework.boot.web.server.servlet.context.ServletWebServerApplicationContext.doClose(ServletWebServerApplicationContext.java:176) ~[spring-boot-web-server-4.0.0.jar:4.0.0]
	at org.springframework.context.support.AbstractApplicationContext.close(AbstractApplicationContext.java:1122) ~[spring-context-7.0.1.jar:7.0.1]
	at org.springframework.boot.SpringApplicationShutdownHook.closeAndWait(SpringApplicationShutdownHook.java:147) ~[spring-boot-4.0.0.jar:4.0.0]
	at java.base/java.lang.Iterable.forEach(Iterable.java:75) ~[na:na]
	at org.springframework.boot.SpringApplicationShutdownHook.run(SpringApplicationShutdownHook.java:116) ~[spring-boot-4.0.0.jar:4.0.0]
	at java.base/java.lang.Thread.run(Thread.java:833) ~[na:na]

2025-12-19T15:45:27.388+05:30  INFO 20992 --- [config-service] [SpringApplicationShutdownHook] com.netflix.discovery.DiscoveryClient    : Completed shut down of DiscoveryClient
2025-12-19T15:51:33.258+05:30  INFO 22972 --- [config-service] [main] c.m.c.ConfigServiceApplication           : Starting ConfigServiceApplication using Java 17 with PID 22972 (D:\Projects\microservice-spring-with-docker\microservices ecom-app\config-service\target\classes started by moham in D:\Projects\microservice-spring-with-docker\microservices ecom-app)
2025-12-19T15:51:33.260+05:30  INFO 22972 --- [config-service] [main] c.m.c.ConfigServiceApplication           : The following 1 profile is active: "native"
2025-12-19T15:51:34.356+05:30  INFO 22972 --- [config-service] [main] faultConfiguringBeanFactoryPostProcessor : No bean named 'errorChannel' has been explicitly defined. Therefore, a default PublishSubscribeChannel will be created.
2025-12-19T15:51:34.361+05:30  INFO 22972 --- [config-service] [main] faultConfiguringBeanFactoryPostProcessor : No bean named 'integrationHeaderChannelRegistry' has been explicitly defined. Therefore, a default DefaultHeaderChannelRegistry will be created.
2025-12-19T15:51:34.394+05:30  INFO 22972 --- [config-service] [main] o.s.cloud.context.scope.GenericScope     : BeanFactory id=98c411ac-d232-3a91-bc61-1445b87c9a42
2025-12-19T15:51:34.649+05:30  INFO 22972 --- [config-service] [main] o.s.boot.tomcat.TomcatWebServer          : Tomcat initialized with port 8888 (http)
2025-12-19T15:51:34.658+05:30  INFO 22972 --- [config-service] [main] o.apache.catalina.core.StandardService   : Starting service [Tomcat]
2025-12-19T15:51:34.658+05:30  INFO 22972 --- [config-service] [main] o.apache.catalina.core.StandardEngine    : Starting Servlet engine: [Apache Tomcat/11.0.14]
2025-12-19T15:51:34.714+05:30  INFO 22972 --- [config-service] [main] b.w.c.s.WebApplicationContextInitializer : Root WebApplicationContext: initialization completed in 1423 ms
2025-12-19T15:51:35.550+05:30  INFO 22972 --- [config-service] [main] o.s.c.s.m.DirectWithAttributesChannel    : Channel 'config-service.springCloudBusInput' has 1 subscriber(s).
2025-12-19T15:51:36.399+05:30  INFO 22972 --- [config-service] [main] DiscoveryClientOptionalArgsConfiguration : Eureka HTTP Client uses RestClient.
2025-12-19T15:51:36.543+05:30  WARN 22972 --- [config-service] [main] iguration$LoadBalancerCaffeineWarnLogger : Spring Cloud LoadBalancer is currently working with the default cache. While this cache implementation is useful for development and tests, it's recommended to use Caffeine cache in production.You can switch to using Caffeine cache, by adding it and org.springframework.cache.caffeine.CaffeineCacheManager to the classpath.
2025-12-19T15:51:36.550+05:30  INFO 22972 --- [config-service] [main] o.s.b.a.e.web.EndpointLinksResolver      : Exposing 24 endpoints beneath base path '/actuator'
2025-12-19T15:51:36.688+05:30  INFO 22972 --- [config-service] [main] figuration$IntegrationJmxConfiguration$1 : Registering MessageChannel errorChannel
2025-12-19T15:51:36.692+05:30  INFO 22972 --- [config-service] [main] figuration$IntegrationJmxConfiguration$1 : Registering MessageChannel springCloudBusInput
2025-12-19T15:51:36.696+05:30  INFO 22972 --- [config-service] [main] figuration$IntegrationJmxConfiguration$1 : Registering MessageChannel nullChannel
2025-12-19T15:51:36.700+05:30  INFO 22972 --- [config-service] [main] figuration$IntegrationJmxConfiguration$1 : Registering MessageHandler _org.springframework.integration.errorLogger
2025-12-19T15:51:36.709+05:30  INFO 22972 --- [config-service] [main] o.s.i.endpoint.EventDrivenConsumer       : Adding {logging-channel-adapter:_org.springframework.integration.errorLogger} as a subscriber to the 'errorChannel' channel
2025-12-19T15:51:36.710+05:30  INFO 22972 --- [config-service] [main] o.s.i.channel.PublishSubscribeChannel    : Channel 'config-service.errorChannel' has 1 subscriber(s).
2025-12-19T15:51:36.711+05:30  INFO 22972 --- [config-service] [main] o.s.i.endpoint.EventDrivenConsumer       : started bean '_org.springframework.integration.errorLogger'
2025-12-19T15:51:36.732+05:30  INFO 22972 --- [config-service] [main] o.s.c.n.eureka.InstanceInfoFactory       : Setting initial instance status as: STARTING
2025-12-19T15:51:36.756+05:30  INFO 22972 --- [config-service] [main] com.netflix.discovery.DiscoveryClient    : Initializing Eureka in region us-east-1
2025-12-19T15:51:36.760+05:30  INFO 22972 --- [config-service] [main] c.n.d.s.r.aws.ConfigClusterResolver      : Resolving eureka endpoints via configuration
2025-12-19T15:51:36.768+05:30  INFO 22972 --- [config-service] [main] com.netflix.discovery.DiscoveryClient    : Disable delta property : false
2025-12-19T15:51:36.768+05:30  INFO 22972 --- [config-service] [main] com.netflix.discovery.DiscoveryClient    : Single vip registry refresh property : null
2025-12-19T15:51:36.768+05:30  INFO 22972 --- [config-service] [main] com.netflix.discovery.DiscoveryClient    : Force full registry fetch : false
2025-12-19T15:51:36.768+05:30  INFO 22972 --- [config-service] [main] com.netflix.discovery.DiscoveryClient    : Application is null : false
2025-12-19T15:51:36.768+05:30  INFO 22972 --- [config-service] [main] com.netflix.discovery.DiscoveryClient    : Registered Applications size is zero : true
2025-12-19T15:51:36.769+05:30  INFO 22972 --- [config-service] [main] com.netflix.discovery.DiscoveryClient    : Application version is -1: true
2025-12-19T15:51:36.769+05:30  INFO 22972 --- [config-service] [main] com.netflix.discovery.DiscoveryClient    : Getting all instance registry info from the eureka server
2025-12-19T15:51:37.104+05:30  INFO 22972 --- [config-service] [main] com.netflix.discovery.DiscoveryClient    : The response status is 200
2025-12-19T15:51:37.105+05:30  INFO 22972 --- [config-service] [main] com.netflix.discovery.DiscoveryClient    : Starting heartbeat executor: renew interval is: 30
2025-12-19T15:51:37.107+05:30  INFO 22972 --- [config-service] [main] c.n.discovery.InstanceInfoReplicator     : InstanceInfoReplicator onDemand update allowed rate per min is 4
2025-12-19T15:51:37.108+05:30  INFO 22972 --- [config-service] [main] com.netflix.discovery.DiscoveryClient    : Discovery Client initialized at timestamp 1766139697108 with initial instances count: 0
2025-12-19T15:51:37.110+05:30  INFO 22972 --- [config-service] [main] o.s.c.n.e.s.EurekaServiceRegistry        : Registering application CONFIG-SERVICE with eureka with status UP
2025-12-19T15:51:37.111+05:30  INFO 22972 --- [config-service] [main] com.netflix.discovery.DiscoveryClient    : Saw local status change event StatusChangeEvent [timestamp=1766139697111, current=UP, previous=STARTING]
2025-12-19T15:51:37.112+05:30  INFO 22972 --- [config-service] [DiscoveryClient-InstanceInfoReplicator-%d] com.netflix.discovery.DiscoveryClient    : DiscoveryClient_CONFIG-SERVICE/host.docker.internal:config-service:8888: registering service...
2025-12-19T15:51:37.113+05:30  INFO 22972 --- [config-service] [main] o.s.c.s.binder.DefaultBinderFactory      : Creating binder: rabbit
2025-12-19T15:51:37.113+05:30  INFO 22972 --- [config-service] [main] o.s.c.s.binder.DefaultBinderFactory      : Constructing binder child context for rabbit
2025-12-19T15:51:37.192+05:30  INFO 22972 --- [config-service] [main] o.s.c.s.binder.DefaultBinderFactory      : Caching the binder: rabbit
2025-12-19T15:51:37.201+05:30  INFO 22972 --- [config-service] [main] c.s.b.r.p.RabbitExchangeQueueProvisioner : declaring queue for inbound: springCloudBus.anonymous.MRAVrzplRxybT-Vpc9G4Og, bound to: springCloudBus
2025-12-19T15:51:37.206+05:30  INFO 22972 --- [config-service] [main] o.s.a.r.c.CachingConnectionFactory       : Attempting to connect to: [localhost:5672]
2025-12-19T15:51:37.242+05:30  INFO 22972 --- [config-service] [DiscoveryClient-InstanceInfoReplicator-%d] com.netflix.discovery.DiscoveryClient    : DiscoveryClient_CONFIG-SERVICE/host.docker.internal:config-service:8888 - registration status: 204
2025-12-19T15:51:37.258+05:30  INFO 22972 --- [config-service] [main] o.s.a.r.c.CachingConnectionFactory       : Created new connection: rabbitConnectionFactory#6cd6698b:0/SimpleConnection@1dcc0bb8 [delegate=amqp://guest@127.0.0.1:5672/, localPort=53855]
2025-12-19T15:51:37.298+05:30  INFO 22972 --- [config-service] [main] o.s.c.stream.binder.BinderErrorChannel   : Channel 'rabbit-1924009991.springCloudBusInput.errors' has 1 subscriber(s).
2025-12-19T15:51:37.299+05:30  INFO 22972 --- [config-service] [main] o.s.c.stream.binder.BinderErrorChannel   : Channel 'rabbit-1924009991.springCloudBusInput.errors' has 2 subscriber(s).
2025-12-19T15:51:37.316+05:30  INFO 22972 --- [config-service] [main] o.s.i.a.i.AmqpInboundChannelAdapter      : started bean 'inbound.springCloudBus.anonymous.MRAVrzplRxybT-Vpc9G4Og'
2025-12-19T15:51:37.332+05:30  INFO 22972 --- [config-service] [main] o.s.boot.tomcat.TomcatWebServer          : Tomcat started on port 8888 (http) with context path '/'
2025-12-19T15:51:37.332+05:30  INFO 22972 --- [config-service] [main] .s.c.n.e.s.EurekaAutoServiceRegistration : Updating port to 8888
2025-12-19T15:51:37.527+05:30  INFO 22972 --- [config-service] [main] figuration$IntegrationJmxConfiguration$1 : Registering MessageChannel rabbit-1924009991.springCloudBusInput.errors
2025-12-19T15:51:37.540+05:30  INFO 22972 --- [config-service] [main] c.m.c.ConfigServiceApplication           : Started ConfigServiceApplication in 4.901 seconds (process running for 5.55)
2025-12-19T15:51:37.870+05:30  INFO 22972 --- [config-service] [RMI TCP Connection(2)-192.168.29.168] o.a.c.c.C.[Tomcat].[localhost].[/]       : Initializing Spring DispatcherServlet 'dispatcherServlet'
2025-12-19T15:51:37.871+05:30  INFO 22972 --- [config-service] [RMI TCP Connection(2)-192.168.29.168] o.s.web.servlet.DispatcherServlet        : Initializing Servlet 'dispatcherServlet'
2025-12-19T15:51:37.874+05:30  INFO 22972 --- [config-service] [RMI TCP Connection(2)-192.168.29.168] o.s.web.servlet.DispatcherServlet        : Completed initialization in 3 ms
2025-12-19T15:51:41.365+05:30  INFO 22972 --- [config-service] [http-nio-8888-exec-1] o.s.c.c.s.e.NativeEnvironmentRepository  : Adding property source: Config resource 'file [D:\Projects\microservice-spring-with-docker\microservices ecom-app\config-service\src\main\resources\config\user-service.properties]' via location 'file:///D:\Projects\microservice-spring-with-docker\microservices ecom-app\config-service\src\main\resources\config/'
2025-12-19T15:51:52.748+05:30  INFO 22972 --- [config-service] [http-nio-8888-exec-3] o.s.c.c.s.e.NativeEnvironmentRepository  : Adding property source: Config resource 'file [D:\Projects\microservice-spring-with-docker\microservices ecom-app\config-service\src\main\resources\config\product-service.properties]' via location 'file:///D:\Projects\microservice-spring-with-docker\microservices ecom-app\config-service\src\main\resources\config/'
2025-12-19T15:52:07.110+05:30  INFO 22972 --- [config-service] [DiscoveryClient-CacheRefreshExecutor-%d] com.netflix.discovery.DiscoveryClient    : Disable delta property : false
2025-12-19T15:52:07.111+05:30  INFO 22972 --- [config-service] [DiscoveryClient-CacheRefreshExecutor-%d] com.netflix.discovery.DiscoveryClient    : Single vip registry refresh property : null
2025-12-19T15:52:07.111+05:30  INFO 22972 --- [config-service] [DiscoveryClient-CacheRefreshExecutor-%d] com.netflix.discovery.DiscoveryClient    : Force full registry fetch : false
2025-12-19T15:52:07.112+05:30  INFO 22972 --- [config-service] [DiscoveryClient-CacheRefreshExecutor-%d] com.netflix.discovery.DiscoveryClient    : Application is null : false
2025-12-19T15:52:07.112+05:30  INFO 22972 --- [config-service] [DiscoveryClient-CacheRefreshExecutor-%d] com.netflix.discovery.DiscoveryClient    : Registered Applications size is zero : true
2025-12-19T15:52:07.112+05:30  INFO 22972 --- [config-service] [DiscoveryClient-CacheRefreshExecutor-%d] com.netflix.discovery.DiscoveryClient    : Application version is -1: false
2025-12-19T15:52:07.112+05:30  INFO 22972 --- [config-service] [DiscoveryClient-CacheRefreshExecutor-%d] com.netflix.discovery.DiscoveryClient    : Getting all instance registry info from the eureka server
2025-12-19T15:52:07.127+05:30  INFO 22972 --- [config-service] [DiscoveryClient-CacheRefreshExecutor-%d] com.netflix.discovery.DiscoveryClient    : The response status is 200
2025-12-19T15:56:36.772+05:30  INFO 22972 --- [config-service] [AsyncResolver-bootstrap-executor-%d] c.n.d.s.r.aws.ConfigClusterResolver      : Resolving eureka endpoints via configuration
2025-12-19T15:59:01.298+05:30  INFO 22972 --- [config-service] [http-nio-8888-exec-5] o.s.c.c.s.e.NativeEnvironmentRepository  : Adding property source: Config resource 'file [D:\Projects\microservice-spring-with-docker\microservices ecom-app\config-service\src\main\resources\config\product-service.properties]' via location 'file:///D:\Projects\microservice-spring-with-docker\microservices ecom-app\config-service\src\main\resources\config/'
2025-12-19T16:00:27.893+05:30  INFO 22972 --- [config-service] [http-nio-8888-exec-7] o.s.c.c.s.e.NativeEnvironmentRepository  : Adding property source: Config resource 'file [D:\Projects\microservice-spring-with-docker\microservices ecom-app\config-service\src\main\resources\config\order-service.properties]' via location 'file:///D:\Projects\microservice-spring-with-docker\microservices ecom-app\config-service\src\main\resources\config/'
2025-12-19T16:00:29.819+05:30  INFO 22972 --- [config-service] [http-nio-8888-exec-8] o.s.c.c.s.e.NativeEnvironmentRepository  : Adding property source: Config resource 'file [D:\Projects\microservice-spring-with-docker\microservices ecom-app\config-service\src\main\resources\config\user-service.properties]' via location 'file:///D:\Projects\microservice-spring-with-docker\microservices ecom-app\config-service\src\main\resources\config/'
2025-12-19T16:01:36.790+05:30  INFO 22972 --- [config-service] [AsyncResolver-bootstrap-executor-%d] c.n.d.s.r.aws.ConfigClusterResolver      : Resolving eureka endpoints via configuration
2025-12-19T16:06:36.799+05:30  INFO 22972 --- [config-service] [AsyncResolver-bootstrap-executor-%d] c.n.d.s.r.aws.ConfigClusterResolver      : Resolving eureka endpoints via configuration
2025-12-19T16:11:36.807+05:30  INFO 22972 --- [config-service] [AsyncResolver-bootstrap-executor-%d] c.n.d.s.r.aws.ConfigClusterResolver      : Resolving eureka endpoints via configuration
2025-12-19T16:16:36.811+05:30  INFO 22972 --- [config-service] [AsyncResolver-bootstrap-executor-%d] c.n.d.s.r.aws.ConfigClusterResolver      : Resolving eureka endpoints via configuration
2025-12-19T16:21:36.816+05:30  INFO 22972 --- [config-service] [AsyncResolver-bootstrap-executor-%d] c.n.d.s.r.aws.ConfigClusterResolver      : Resolving eureka endpoints via configuration
2025-12-19T16:26:36.823+05:30  INFO 22972 --- [config-service] [AsyncResolver-bootstrap-executor-%d] c.n.d.s.r.aws.ConfigClusterResolver      : Resolving eureka endpoints via configuration
2025-12-19T16:31:36.835+05:30  INFO 22972 --- [config-service] [AsyncResolver-bootstrap-executor-%d] c.n.d.s.r.aws.ConfigClusterResolver      : Resolving eureka endpoints via configuration
2025-12-19T16:36:36.841+05:30  INFO 22972 --- [config-service] [AsyncResolver-bootstrap-executor-%d] c.n.d.s.r.aws.ConfigClusterResolver      : Resolving eureka endpoints via configuration
2025-12-19T16:41:36.852+05:30  INFO 22972 --- [config-service] [AsyncResolver-bootstrap-executor-%d] c.n.d.s.r.aws.ConfigClusterResolver      : Resolving eureka endpoints via configuration
2025-12-19T16:46:36.870+05:30  INFO 22972 --- [config-service] [AsyncResolver-bootstrap-executor-%d] c.n.d.s.r.aws.ConfigClusterResolver      : Resolving eureka endpoints via configuration
2025-12-19T16:51:36.874+05:30  INFO 22972 --- [config-service] [AsyncResolver-bootstrap-executor-%d] c.n.d.s.r.aws.ConfigClusterResolver      : Resolving eureka endpoints via configuration
2025-12-19T16:56:36.899+05:30  INFO 22972 --- [config-service] [AsyncResolver-bootstrap-executor-%d] c.n.d.s.r.aws.ConfigClusterResolver      : Resolving eureka endpoints via configuration
2025-12-19T17:01:36.905+05:30  INFO 22972 --- [config-service] [AsyncResolver-bootstrap-executor-%d] c.n.d.s.r.aws.ConfigClusterResolver      : Resolving eureka endpoints via configuration
2025-12-19T17:06:36.921+05:30  INFO 22972 --- [config-service] [AsyncResolver-bootstrap-executor-%d] c.n.d.s.r.aws.ConfigClusterResolver      : Resolving eureka endpoints via configuration
2025-12-19T17:15:48.121+05:30  INFO 22972 --- [config-service] [AsyncResolver-bootstrap-executor-%d] c.n.d.s.r.aws.ConfigClusterResolver      : Resolving eureka endpoints via configuration
2025-12-19T17:20:48.123+05:30  INFO 22972 --- [config-service] [AsyncResolver-bootstrap-executor-%d] c.n.d.s.r.aws.ConfigClusterResolver      : Resolving eureka endpoints via configuration
2025-12-19T17:47:37.479+05:30  INFO 22972 --- [config-service] [AsyncResolver-bootstrap-executor-%d] c.n.d.s.r.aws.ConfigClusterResolver      : Resolving eureka endpoints via configuration
2025-12-19T17:52:37.484+05:30  INFO 22972 --- [config-service] [AsyncResolver-bootstrap-executor-%d] c.n.d.s.r.aws.ConfigClusterResolver      : Resolving eureka endpoints via configuration
2025-12-19T17:57:37.487+05:30  INFO 22972 --- [config-service] [AsyncResolver-bootstrap-executor-%d] c.n.d.s.r.aws.ConfigClusterResolver      : Resolving eureka endpoints via configuration
2025-12-19T18:02:37.499+05:30  INFO 22972 --- [config-service] [AsyncResolver-bootstrap-executor-%d] c.n.d.s.r.aws.ConfigClusterResolver      : Resolving eureka endpoints via configuration
2025-12-19T18:07:37.514+05:30  INFO 22972 --- [config-service] [AsyncResolver-bootstrap-executor-%d] c.n.d.s.r.aws.ConfigClusterResolver      : Resolving eureka endpoints via configuration
