2025-12-26T19:40:49.657+05:30  INFO 27368 --- [product-service] [main] [                                                 ] c.m.p.ProductServiceApplication          : Starting ProductServiceApplication using Java 17 with PID 27368 (D:\Projects\microservice-spring-with-docker\microservices ecom-app\product-service\target\classes started by moham in D:\Projects\microservice-spring-with-docker\microservices ecom-app)
2025-12-26T19:40:49.671+05:30  INFO 27368 --- [product-service] [main] [                                                 ] c.m.p.ProductServiceApplication          : No active profile set, falling back to 1 default profile: "default"
2025-12-26T19:40:49.728+05:30  INFO 27368 --- [product-service] [main] [                                                 ] o.s.c.c.c.ConfigServerConfigDataLoader   : Fetching config from server at : http://localhost:8888
2025-12-26T19:40:49.729+05:30  INFO 27368 --- [product-service] [main] [                                                 ] o.s.c.c.c.ConfigServerConfigDataLoader   : Located environment: name=product-service, profiles=[default], label=null, version=null, state=null
2025-12-26T19:40:50.743+05:30  INFO 27368 --- [product-service] [main] [                                                 ] .s.d.r.c.RepositoryConfigurationDelegate : Bootstrapping Spring Data JPA repositories in DEFAULT mode.
2025-12-26T19:40:50.852+05:30  INFO 27368 --- [product-service] [main] [                                                 ] .s.d.r.c.RepositoryConfigurationDelegate : Finished Spring Data repository scanning in 99 ms. Found 1 JPA repository interface.
2025-12-26T19:40:51.160+05:30  INFO 27368 --- [product-service] [main] [                                                 ] faultConfiguringBeanFactoryPostProcessor : No bean named 'errorChannel' has been explicitly defined. Therefore, a default PublishSubscribeChannel will be created.
2025-12-26T19:40:51.166+05:30  INFO 27368 --- [product-service] [main] [                                                 ] faultConfiguringBeanFactoryPostProcessor : No bean named 'integrationHeaderChannelRegistry' has been explicitly defined. Therefore, a default DefaultHeaderChannelRegistry will be created.
2025-12-26T19:40:51.212+05:30  INFO 27368 --- [product-service] [main] [                                                 ] o.s.cloud.context.scope.GenericScope     : BeanFactory id=32311ee5-099d-342d-aa9c-dabf5101d5db
2025-12-26T19:40:51.604+05:30  INFO 27368 --- [product-service] [main] [                                                 ] o.s.boot.tomcat.TomcatWebServer          : Tomcat initialized with port 8001 (http)
2025-12-26T19:40:51.614+05:30  INFO 27368 --- [product-service] [main] [                                                 ] o.apache.catalina.core.StandardService   : Starting service [Tomcat]
2025-12-26T19:40:51.615+05:30  INFO 27368 --- [product-service] [main] [                                                 ] o.apache.catalina.core.StandardEngine    : Starting Servlet engine: [Apache Tomcat/11.0.14]
2025-12-26T19:40:51.694+05:30  INFO 27368 --- [product-service] [main] [                                                 ] b.w.c.s.WebApplicationContextInitializer : Root WebApplicationContext: initialization completed in 1962 ms
2025-12-26T19:40:52.305+05:30  INFO 27368 --- [product-service] [main] [                                                 ] o.hibernate.jpa.internal.util.LogHelper  : HHH000204: Processing PersistenceUnitInfo [name: default]
2025-12-26T19:40:52.401+05:30  INFO 27368 --- [product-service] [main] [                                                 ] org.hibernate.Version                    : HHH000412: Hibernate ORM core version 7.1.8.Final
2025-12-26T19:40:52.938+05:30  INFO 27368 --- [product-service] [main] [                                                 ] o.s.o.j.p.SpringPersistenceUnitInfo      : No LoadTimeWeaver setup: ignoring JPA class transformer
2025-12-26T19:40:52.986+05:30  INFO 27368 --- [product-service] [main] [                                                 ] com.zaxxer.hikari.HikariDataSource       : HikariPool-1 - Starting...
2025-12-26T19:40:53.147+05:30  INFO 27368 --- [product-service] [main] [                                                 ] com.zaxxer.hikari.pool.HikariPool        : HikariPool-1 - Added connection org.postgresql.jdbc.PgConnection@7ec01440
2025-12-26T19:40:53.148+05:30  INFO 27368 --- [product-service] [main] [                                                 ] com.zaxxer.hikari.HikariDataSource       : HikariPool-1 - Start completed.
2025-12-26T19:40:53.216+05:30  WARN 27368 --- [product-service] [main] [                                                 ] org.hibernate.orm.deprecation            : HHH90000025: PostgreSQLDialect does not need to be specified explicitly using 'hibernate.dialect' (remove the property setting and it will be selected by default)
2025-12-26T19:40:53.256+05:30  INFO 27368 --- [product-service] [main] [                                                 ] org.hibernate.orm.connections.pooling    : HHH10001005: Database info:
	Database JDBC URL [jdbc:postgresql://localhost:5432/product_db]
	Database driver: PostgreSQL JDBC Driver
	Database dialect: PostgreSQLDialect
	Database version: 14.20
	Default catalog/schema: product_db/public
	Autocommit mode: undefined/unknown
	Isolation level: READ_COMMITTED [default READ_COMMITTED]
	JDBC fetch size: none
	Pool: DatasourceConnectionProviderImpl
	Minimum pool size: undefined/unknown
	Maximum pool size: undefined/unknown
2025-12-26T19:40:54.370+05:30  INFO 27368 --- [product-service] [main] [                                                 ] o.h.e.t.j.p.i.JtaPlatformInitiator       : HHH000489: No JTA platform available (set 'hibernate.transaction.jta.platform' to enable JTA platform integration)
2025-12-26T19:40:54.445+05:30  INFO 27368 --- [product-service] [main] [                                                 ] j.LocalContainerEntityManagerFactoryBean : Initialized JPA EntityManagerFactory for persistence unit 'default'
2025-12-26T19:40:54.525+05:30  INFO 27368 --- [product-service] [main] [                                                 ] o.s.d.j.r.query.QueryEnhancerFactories   : Hibernate is in classpath; If applicable, HQL parser will be used.
2025-12-26T19:40:55.425+05:30  WARN 27368 --- [product-service] [main] [                                                 ] JpaBaseConfiguration$JpaWebConfiguration : spring.jpa.open-in-view is enabled by default. Therefore, database queries may be performed during view rendering. Explicitly configure spring.jpa.open-in-view to disable this warning
2025-12-26T19:40:55.843+05:30  INFO 27368 --- [product-service] [main] [                                                 ] o.s.c.s.m.DirectWithAttributesChannel    : Channel 'product-service.springCloudBusInput' has 1 subscriber(s).
2025-12-26T19:40:56.643+05:30  INFO 27368 --- [product-service] [main] [                                                 ] DiscoveryClientOptionalArgsConfiguration : Eureka HTTP Client uses RestClient.
2025-12-26T19:40:56.685+05:30  WARN 27368 --- [product-service] [main] [                                                 ] iguration$LoadBalancerCaffeineWarnLogger : Spring Cloud LoadBalancer is currently working with the default cache. While this cache implementation is useful for development and tests, it's recommended to use Caffeine cache in production.You can switch to using Caffeine cache, by adding it and org.springframework.cache.caffeine.CaffeineCacheManager to the classpath.
2025-12-26T19:40:56.690+05:30  INFO 27368 --- [product-service] [main] [                                                 ] o.s.b.a.e.web.EndpointLinksResolver      : Exposing 25 endpoints beneath base path '/actuator'
2025-12-26T19:40:56.841+05:30  INFO 27368 --- [product-service] [main] [                                                 ] figuration$IntegrationJmxConfiguration$1 : Registering MessageChannel errorChannel
2025-12-26T19:40:56.847+05:30  INFO 27368 --- [product-service] [main] [                                                 ] figuration$IntegrationJmxConfiguration$1 : Registering MessageChannel springCloudBusInput
2025-12-26T19:40:56.856+05:30  INFO 27368 --- [product-service] [main] [                                                 ] figuration$IntegrationJmxConfiguration$1 : Registering MessageChannel nullChannel
2025-12-26T19:40:56.861+05:30  INFO 27368 --- [product-service] [main] [                                                 ] figuration$IntegrationJmxConfiguration$1 : Registering MessageHandler _org.springframework.integration.errorLogger
2025-12-26T19:40:56.875+05:30  INFO 27368 --- [product-service] [main] [                                                 ] o.s.i.endpoint.EventDrivenConsumer       : Adding {logging-channel-adapter:_org.springframework.integration.errorLogger} as a subscriber to the 'errorChannel' channel
2025-12-26T19:40:56.876+05:30  INFO 27368 --- [product-service] [main] [                                                 ] o.s.i.channel.PublishSubscribeChannel    : Channel 'product-service.errorChannel' has 1 subscriber(s).
2025-12-26T19:40:56.877+05:30  INFO 27368 --- [product-service] [main] [                                                 ] o.s.i.endpoint.EventDrivenConsumer       : started bean '_org.springframework.integration.errorLogger'
2025-12-26T19:40:56.909+05:30  INFO 27368 --- [product-service] [main] [                                                 ] o.s.c.n.eureka.InstanceInfoFactory       : Setting initial instance status as: STARTING
2025-12-26T19:40:56.945+05:30  INFO 27368 --- [product-service] [main] [                                                 ] com.netflix.discovery.DiscoveryClient    : Initializing Eureka in region us-east-1
2025-12-26T19:40:56.950+05:30  INFO 27368 --- [product-service] [main] [                                                 ] c.n.d.s.r.aws.ConfigClusterResolver      : Resolving eureka endpoints via configuration
2025-12-26T19:40:56.959+05:30  INFO 27368 --- [product-service] [main] [                                                 ] com.netflix.discovery.DiscoveryClient    : Disable delta property : false
2025-12-26T19:40:56.959+05:30  INFO 27368 --- [product-service] [main] [                                                 ] com.netflix.discovery.DiscoveryClient    : Single vip registry refresh property : null
2025-12-26T19:40:56.959+05:30  INFO 27368 --- [product-service] [main] [                                                 ] com.netflix.discovery.DiscoveryClient    : Force full registry fetch : false
2025-12-26T19:40:56.960+05:30  INFO 27368 --- [product-service] [main] [                                                 ] com.netflix.discovery.DiscoveryClient    : Application is null : false
2025-12-26T19:40:56.960+05:30  INFO 27368 --- [product-service] [main] [                                                 ] com.netflix.discovery.DiscoveryClient    : Registered Applications size is zero : true
2025-12-26T19:40:56.960+05:30  INFO 27368 --- [product-service] [main] [                                                 ] com.netflix.discovery.DiscoveryClient    : Application version is -1: true
2025-12-26T19:40:56.960+05:30  INFO 27368 --- [product-service] [main] [                                                 ] com.netflix.discovery.DiscoveryClient    : Getting all instance registry info from the eureka server
2025-12-26T19:40:57.258+05:30  INFO 27368 --- [product-service] [main] [                                                 ] com.netflix.discovery.DiscoveryClient    : The response status is 200
2025-12-26T19:40:57.260+05:30  INFO 27368 --- [product-service] [main] [                                                 ] com.netflix.discovery.DiscoveryClient    : Starting heartbeat executor: renew interval is: 30
2025-12-26T19:40:57.262+05:30  INFO 27368 --- [product-service] [main] [                                                 ] c.n.discovery.InstanceInfoReplicator     : InstanceInfoReplicator onDemand update allowed rate per min is 4
2025-12-26T19:40:57.263+05:30  INFO 27368 --- [product-service] [main] [                                                 ] com.netflix.discovery.DiscoveryClient    : Discovery Client initialized at timestamp 1766758257263 with initial instances count: 2
2025-12-26T19:40:57.265+05:30  INFO 27368 --- [product-service] [main] [                                                 ] o.s.c.n.e.s.EurekaServiceRegistry        : Registering application PRODUCT-SERVICE with eureka with status UP
2025-12-26T19:40:57.266+05:30  INFO 27368 --- [product-service] [main] [                                                 ] com.netflix.discovery.DiscoveryClient    : Saw local status change event StatusChangeEvent [timestamp=1766758257266, current=UP, previous=STARTING]
2025-12-26T19:40:57.267+05:30  INFO 27368 --- [product-service] [DiscoveryClient-InstanceInfoReplicator-%d] [                                                 ] com.netflix.discovery.DiscoveryClient    : DiscoveryClient_PRODUCT-SERVICE/host.docker.internal:product-service:8001: registering service...
2025-12-26T19:40:57.268+05:30  INFO 27368 --- [product-service] [main] [                                                 ] o.s.c.s.binder.DefaultBinderFactory      : Creating binder: rabbit
2025-12-26T19:40:57.268+05:30  INFO 27368 --- [product-service] [main] [                                                 ] o.s.c.s.binder.DefaultBinderFactory      : Constructing binder child context for rabbit
2025-12-26T19:40:57.320+05:30  INFO 27368 --- [product-service] [DiscoveryClient-InstanceInfoReplicator-%d] [                                                 ] com.netflix.discovery.DiscoveryClient    : DiscoveryClient_PRODUCT-SERVICE/host.docker.internal:product-service:8001 - registration status: 204
2025-12-26T19:40:57.354+05:30  INFO 27368 --- [product-service] [main] [                                                 ] o.s.c.s.binder.DefaultBinderFactory      : Caching the binder: rabbit
2025-12-26T19:40:57.362+05:30  INFO 27368 --- [product-service] [main] [                                                 ] c.s.b.r.p.RabbitExchangeQueueProvisioner : declaring queue for inbound: springCloudBus.anonymous.11VVkAvDR2OJa8unqLIfWw, bound to: springCloudBus
2025-12-26T19:40:57.367+05:30  INFO 27368 --- [product-service] [main] [                                                 ] o.s.a.r.c.CachingConnectionFactory       : Attempting to connect to: [localhost:5672]
2025-12-26T19:40:57.426+05:30  INFO 27368 --- [product-service] [main] [                                                 ] o.s.a.r.c.CachingConnectionFactory       : Created new connection: rabbitConnectionFactory#28446b82:0/SimpleConnection@35815f9d [delegate=amqp://guest@127.0.0.1:5672/, localPort=61580]
2025-12-26T19:40:57.495+05:30  INFO 27368 --- [product-service] [main] [                                                 ] o.s.c.stream.binder.BinderErrorChannel   : Channel 'rabbit-142056824.springCloudBusInput.errors' has 1 subscriber(s).
2025-12-26T19:40:57.497+05:30  INFO 27368 --- [product-service] [main] [                                                 ] o.s.c.stream.binder.BinderErrorChannel   : Channel 'rabbit-142056824.springCloudBusInput.errors' has 2 subscriber(s).
2025-12-26T19:40:57.519+05:30  INFO 27368 --- [product-service] [main] [                                                 ] o.s.i.a.i.AmqpInboundChannelAdapter      : started bean 'inbound.springCloudBus.anonymous.11VVkAvDR2OJa8unqLIfWw'
2025-12-26T19:40:57.534+05:30  INFO 27368 --- [product-service] [main] [                                                 ] o.s.boot.tomcat.TomcatWebServer          : Tomcat started on port 8001 (http) with context path '/'
2025-12-26T19:40:57.536+05:30  INFO 27368 --- [product-service] [main] [                                                 ] .s.c.n.e.s.EurekaAutoServiceRegistration : Updating port to 8001
2025-12-26T19:40:57.785+05:30  INFO 27368 --- [product-service] [main] [                                                 ] figuration$IntegrationJmxConfiguration$1 : Registering MessageChannel rabbit-142056824.springCloudBusInput.errors
2025-12-26T19:40:57.802+05:30  INFO 27368 --- [product-service] [main] [                                                 ] c.m.p.ProductServiceApplication          : Started ProductServiceApplication in 9.17 seconds (process running for 10.066)
2025-12-26T19:40:58.255+05:30  INFO 27368 --- [product-service] [RMI TCP Connection(1)-192.168.29.168] [                                                 ] o.a.c.c.C.[Tomcat].[localhost].[/]       : Initializing Spring DispatcherServlet 'dispatcherServlet'
2025-12-26T19:40:58.256+05:30  INFO 27368 --- [product-service] [RMI TCP Connection(1)-192.168.29.168] [                                                 ] o.s.web.servlet.DispatcherServlet        : Initializing Servlet 'dispatcherServlet'
2025-12-26T19:40:58.261+05:30  INFO 27368 --- [product-service] [RMI TCP Connection(1)-192.168.29.168] [                                                 ] o.s.web.servlet.DispatcherServlet        : Completed initialization in 4 ms
2025-12-26T19:45:56.975+05:30  INFO 27368 --- [product-service] [AsyncResolver-bootstrap-executor-%d] [                                                 ] c.n.d.s.r.aws.ConfigClusterResolver      : Resolving eureka endpoints via configuration
2025-12-26T19:50:56.988+05:30  INFO 27368 --- [product-service] [AsyncResolver-bootstrap-executor-%d] [                                                 ] c.n.d.s.r.aws.ConfigClusterResolver      : Resolving eureka endpoints via configuration
2025-12-26T19:55:57.003+05:30  INFO 27368 --- [product-service] [AsyncResolver-bootstrap-executor-%d] [                                                 ] c.n.d.s.r.aws.ConfigClusterResolver      : Resolving eureka endpoints via configuration
2025-12-26T20:00:57.008+05:30  INFO 27368 --- [product-service] [AsyncResolver-bootstrap-executor-%d] [                                                 ] c.n.d.s.r.aws.ConfigClusterResolver      : Resolving eureka endpoints via configuration
2025-12-26T20:05:57.017+05:30  INFO 27368 --- [product-service] [AsyncResolver-bootstrap-executor-%d] [                                                 ] c.n.d.s.r.aws.ConfigClusterResolver      : Resolving eureka endpoints via configuration
2025-12-26T20:10:57.031+05:30  INFO 27368 --- [product-service] [AsyncResolver-bootstrap-executor-%d] [                                                 ] c.n.d.s.r.aws.ConfigClusterResolver      : Resolving eureka endpoints via configuration
2025-12-26T20:15:57.041+05:30  INFO 27368 --- [product-service] [AsyncResolver-bootstrap-executor-%d] [                                                 ] c.n.d.s.r.aws.ConfigClusterResolver      : Resolving eureka endpoints via configuration
2025-12-26T20:20:57.046+05:30  INFO 27368 --- [product-service] [AsyncResolver-bootstrap-executor-%d] [                                                 ] c.n.d.s.r.aws.ConfigClusterResolver      : Resolving eureka endpoints via configuration
2025-12-26T20:25:57.062+05:30  INFO 27368 --- [product-service] [AsyncResolver-bootstrap-executor-%d] [                                                 ] c.n.d.s.r.aws.ConfigClusterResolver      : Resolving eureka endpoints via configuration
2025-12-26T20:30:57.070+05:30  INFO 27368 --- [product-service] [AsyncResolver-bootstrap-executor-%d] [                                                 ] c.n.d.s.r.aws.ConfigClusterResolver      : Resolving eureka endpoints via configuration
2025-12-26T20:35:57.080+05:30  INFO 27368 --- [product-service] [AsyncResolver-bootstrap-executor-%d] [                                                 ] c.n.d.s.r.aws.ConfigClusterResolver      : Resolving eureka endpoints via configuration
2025-12-26T20:40:58.403+05:30  INFO 27368 --- [product-service] [AsyncResolver-bootstrap-executor-%d] [                                                 ] c.n.d.s.r.aws.ConfigClusterResolver      : Resolving eureka endpoints via configuration
2025-12-26T20:45:58.411+05:30  INFO 27368 --- [product-service] [AsyncResolver-bootstrap-executor-%d] [                                                 ] c.n.d.s.r.aws.ConfigClusterResolver      : Resolving eureka endpoints via configuration
2025-12-26T20:50:58.427+05:30  INFO 27368 --- [product-service] [AsyncResolver-bootstrap-executor-%d] [                                                 ] c.n.d.s.r.aws.ConfigClusterResolver      : Resolving eureka endpoints via configuration
2025-12-26T20:55:58.435+05:30  INFO 27368 --- [product-service] [AsyncResolver-bootstrap-executor-%d] [                                                 ] c.n.d.s.r.aws.ConfigClusterResolver      : Resolving eureka endpoints via configuration
2025-12-26T21:00:58.442+05:30  INFO 27368 --- [product-service] [AsyncResolver-bootstrap-executor-%d] [                                                 ] c.n.d.s.r.aws.ConfigClusterResolver      : Resolving eureka endpoints via configuration
2025-12-26T21:05:58.452+05:30  INFO 27368 --- [product-service] [AsyncResolver-bootstrap-executor-%d] [                                                 ] c.n.d.s.r.aws.ConfigClusterResolver      : Resolving eureka endpoints via configuration
2025-12-26T21:47:45.970+05:30  WARN 27368 --- [product-service] [HikariPool-1:housekeeper] [                                                 ] com.zaxxer.hikari.pool.HikariPool        : HikariPool-1 - Thread starvation or clock leap detected (housekeeper delta=38m20s174ms134µs600ns).
2025-12-26T21:49:07.531+05:30  INFO 27368 --- [product-service] [AsyncResolver-bootstrap-executor-%d] [                                                 ] c.n.d.s.r.aws.ConfigClusterResolver      : Resolving eureka endpoints via configuration
2025-12-26T21:54:07.543+05:30  INFO 27368 --- [product-service] [AsyncResolver-bootstrap-executor-%d] [                                                 ] c.n.d.s.r.aws.ConfigClusterResolver      : Resolving eureka endpoints via configuration
2025-12-26T21:59:07.559+05:30  INFO 27368 --- [product-service] [AsyncResolver-bootstrap-executor-%d] [                                                 ] c.n.d.s.r.aws.ConfigClusterResolver      : Resolving eureka endpoints via configuration
2025-12-26T22:04:07.568+05:30  INFO 27368 --- [product-service] [AsyncResolver-bootstrap-executor-%d] [                                                 ] c.n.d.s.r.aws.ConfigClusterResolver      : Resolving eureka endpoints via configuration
2025-12-26T22:09:07.585+05:30  INFO 27368 --- [product-service] [AsyncResolver-bootstrap-executor-%d] [                                                 ] c.n.d.s.r.aws.ConfigClusterResolver      : Resolving eureka endpoints via configuration
2025-12-26T22:10:20.313+05:30  INFO 27368 --- [product-service] [http-nio-8001-exec-5] [694eba73a7a137c8e8ed0b6846ddbd44-e8ed0b6846ddbd44] o.s.c.s.m.DirectWithAttributesChannel    : Channel 'product-service.springCloudBusOutput' has 1 subscriber(s).
2025-12-26T22:10:20.476+05:30  INFO 27368 --- [product-service] [http-nio-8001-exec-5] [694eba73a7a137c8e8ed0b6846ddbd44-79e7a2cb045a21ce] o.s.a.r.c.CachingConnectionFactory       : Attempting to connect to: [localhost:5672]
2025-12-26T22:10:20.493+05:30  INFO 27368 --- [product-service] [http-nio-8001-exec-5] [694eba73a7a137c8e8ed0b6846ddbd44-79e7a2cb045a21ce] o.s.a.r.c.CachingConnectionFactory       : Created new connection: rabbitConnectionFactory.publisher#4e5cc8b5:0/SimpleConnection@3fc71588 [delegate=amqp://guest@127.0.0.1:5672/, localPort=60389]
2025-12-26T22:10:20.507+05:30  INFO 27368 --- [product-service] [http-nio-8001-exec-5] [694eba73a7a137c8e8ed0b6846ddbd44-79e7a2cb045a21ce] o.s.amqp.rabbit.core.RabbitAdmin         : Auto-declaring a non-durable, auto-delete, or exclusive Queue (springCloudBus.anonymous.11VVkAvDR2OJa8unqLIfWw) durable:false, auto-delete:true, exclusive:true. It will be redeclared if the broker stops and is restarted while the connection factory is alive, but all messages will be lost.
2025-12-26T22:10:20.553+05:30  INFO 27368 --- [product-service] [http-nio-8001-exec-5] [694eba73a7a137c8e8ed0b6846ddbd44-e8ed0b6846ddbd44] o.s.cloud.bus.event.RefreshListener      : Received remote refresh request.
2025-12-26T22:10:20.648+05:30  INFO 27368 --- [product-service] [http-nio-8001-exec-5] [694eba73a7a137c8e8ed0b6846ddbd44-e8ed0b6846ddbd44] o.s.c.c.c.ConfigServerConfigDataLoader   : Fetching config from server at : http://localhost:8888
2025-12-26T22:10:20.696+05:30  INFO 27368 --- [product-service] [http-nio-8001-exec-5] [694eba73a7a137c8e8ed0b6846ddbd44-e8ed0b6846ddbd44] o.s.c.c.c.ConfigServerConfigDataLoader   : Located environment: name=product-service, profiles=[default], label=null, version=null, state=null
2025-12-26T22:10:22.058+05:30  INFO 27368 --- [product-service] [http-nio-8001-exec-5] [694eba73a7a137c8e8ed0b6846ddbd44-e8ed0b6846ddbd44] com.netflix.discovery.DiscoveryClient    : Shutting down DiscoveryClient ...
2025-12-26T22:10:25.070+05:30  INFO 27368 --- [product-service] [http-nio-8001-exec-5] [694eba73a7a137c8e8ed0b6846ddbd44-e8ed0b6846ddbd44] com.netflix.discovery.DiscoveryClient    : Unregistering ...
2025-12-26T22:10:25.085+05:30  INFO 27368 --- [product-service] [http-nio-8001-exec-5] [694eba73a7a137c8e8ed0b6846ddbd44-e8ed0b6846ddbd44] com.netflix.discovery.DiscoveryClient    : DiscoveryClient_PRODUCT-SERVICE/host.docker.internal:product-service:8001 - deregister  status: 200
2025-12-26T22:10:25.087+05:30  INFO 27368 --- [product-service] [http-nio-8001-exec-5] [694eba73a7a137c8e8ed0b6846ddbd44-e8ed0b6846ddbd44] com.netflix.discovery.DiscoveryClient    : Completed shut down of DiscoveryClient
2025-12-26T22:10:25.094+05:30  INFO 27368 --- [product-service] [http-nio-8001-exec-5] [694eba73a7a137c8e8ed0b6846ddbd44-e8ed0b6846ddbd44] o.s.c.n.eureka.InstanceInfoFactory       : Setting initial instance status as: STARTING
2025-12-26T22:10:25.094+05:30  INFO 27368 --- [product-service] [http-nio-8001-exec-5] [694eba73a7a137c8e8ed0b6846ddbd44-e8ed0b6846ddbd44] com.netflix.discovery.DiscoveryClient    : Initializing Eureka in region us-east-1
2025-12-26T22:10:25.094+05:30  INFO 27368 --- [product-service] [http-nio-8001-exec-5] [694eba73a7a137c8e8ed0b6846ddbd44-e8ed0b6846ddbd44] c.n.d.s.r.aws.ConfigClusterResolver      : Resolving eureka endpoints via configuration
2025-12-26T22:10:25.094+05:30  INFO 27368 --- [product-service] [http-nio-8001-exec-5] [694eba73a7a137c8e8ed0b6846ddbd44-e8ed0b6846ddbd44] com.netflix.discovery.DiscoveryClient    : Disable delta property : false
2025-12-26T22:10:25.094+05:30  INFO 27368 --- [product-service] [http-nio-8001-exec-5] [694eba73a7a137c8e8ed0b6846ddbd44-e8ed0b6846ddbd44] com.netflix.discovery.DiscoveryClient    : Single vip registry refresh property : null
2025-12-26T22:10:25.094+05:30  INFO 27368 --- [product-service] [http-nio-8001-exec-5] [694eba73a7a137c8e8ed0b6846ddbd44-e8ed0b6846ddbd44] com.netflix.discovery.DiscoveryClient    : Force full registry fetch : false
2025-12-26T22:10:25.100+05:30  INFO 27368 --- [product-service] [http-nio-8001-exec-5] [694eba73a7a137c8e8ed0b6846ddbd44-e8ed0b6846ddbd44] com.netflix.discovery.DiscoveryClient    : Application is null : false
2025-12-26T22:10:25.100+05:30  INFO 27368 --- [product-service] [http-nio-8001-exec-5] [694eba73a7a137c8e8ed0b6846ddbd44-e8ed0b6846ddbd44] com.netflix.discovery.DiscoveryClient    : Registered Applications size is zero : true
2025-12-26T22:10:25.100+05:30  INFO 27368 --- [product-service] [http-nio-8001-exec-5] [694eba73a7a137c8e8ed0b6846ddbd44-e8ed0b6846ddbd44] com.netflix.discovery.DiscoveryClient    : Application version is -1: true
2025-12-26T22:10:25.100+05:30  INFO 27368 --- [product-service] [http-nio-8001-exec-5] [694eba73a7a137c8e8ed0b6846ddbd44-e8ed0b6846ddbd44] com.netflix.discovery.DiscoveryClient    : Getting all instance registry info from the eureka server
2025-12-26T22:10:25.137+05:30  INFO 27368 --- [product-service] [http-nio-8001-exec-5] [694eba73a7a137c8e8ed0b6846ddbd44-e8ed0b6846ddbd44] com.netflix.discovery.DiscoveryClient    : The response status is 200
2025-12-26T22:10:25.140+05:30  INFO 27368 --- [product-service] [http-nio-8001-exec-5] [694eba73a7a137c8e8ed0b6846ddbd44-e8ed0b6846ddbd44] com.netflix.discovery.DiscoveryClient    : Starting heartbeat executor: renew interval is: 30
2025-12-26T22:10:25.140+05:30  INFO 27368 --- [product-service] [http-nio-8001-exec-5] [694eba73a7a137c8e8ed0b6846ddbd44-e8ed0b6846ddbd44] c.n.discovery.InstanceInfoReplicator     : InstanceInfoReplicator onDemand update allowed rate per min is 4
2025-12-26T22:10:25.142+05:30  INFO 27368 --- [product-service] [http-nio-8001-exec-5] [694eba73a7a137c8e8ed0b6846ddbd44-e8ed0b6846ddbd44] com.netflix.discovery.DiscoveryClient    : Discovery Client initialized at timestamp 1766767225142 with initial instances count: 5
2025-12-26T22:10:25.144+05:30  INFO 27368 --- [product-service] [http-nio-8001-exec-5] [694eba73a7a137c8e8ed0b6846ddbd44-e8ed0b6846ddbd44] o.s.c.n.e.s.EurekaServiceRegistry        : Unregistering application PRODUCT-SERVICE with eureka with status DOWN
2025-12-26T22:10:25.144+05:30  INFO 27368 --- [product-service] [http-nio-8001-exec-5] [694eba73a7a137c8e8ed0b6846ddbd44-e8ed0b6846ddbd44] com.netflix.discovery.DiscoveryClient    : Saw local status change event StatusChangeEvent [timestamp=1766767225144, current=DOWN, previous=STARTING]
2025-12-26T22:10:25.144+05:30  INFO 27368 --- [product-service] [DiscoveryClient-InstanceInfoReplicator-%d] [                                                 ] com.netflix.discovery.DiscoveryClient    : DiscoveryClient_PRODUCT-SERVICE/host.docker.internal:product-service:8001: registering service...
2025-12-26T22:10:25.144+05:30  INFO 27368 --- [product-service] [http-nio-8001-exec-5] [694eba73a7a137c8e8ed0b6846ddbd44-e8ed0b6846ddbd44] o.s.c.n.e.s.EurekaServiceRegistry        : Registering application PRODUCT-SERVICE with eureka with status UP
2025-12-26T22:10:25.144+05:30  INFO 27368 --- [product-service] [http-nio-8001-exec-5] [694eba73a7a137c8e8ed0b6846ddbd44-e8ed0b6846ddbd44] com.netflix.discovery.DiscoveryClient    : Saw local status change event StatusChangeEvent [timestamp=1766767225144, current=UP, previous=DOWN]
2025-12-26T22:10:25.153+05:30  INFO 27368 --- [product-service] [http-nio-8001-exec-5] [694eba73a7a137c8e8ed0b6846ddbd44-e8ed0b6846ddbd44] o.s.cloud.bus.event.RefreshListener      : Keys refreshed []
2025-12-26T22:10:25.190+05:30  INFO 27368 --- [product-service] [DiscoveryClient-InstanceInfoReplicator-%d] [                                                 ] com.netflix.discovery.DiscoveryClient    : DiscoveryClient_PRODUCT-SERVICE/host.docker.internal:product-service:8001 - registration status: 204
