2025-12-26T19:40:35.285+05:30  INFO 26380 --- [user-service] [main] [                                                 ] c.ms.userservice.UserServiceApplication  : Starting UserServiceApplication using Java 25.0.1 with PID 26380 (D:\Projects\microservice-spring-with-docker\microservices ecom-app\user-service\target\classes started by moham in D:\Projects\microservice-spring-with-docker\microservices ecom-app)
2025-12-26T19:40:35.292+05:30  INFO 26380 --- [user-service] [main] [                                                 ] c.ms.userservice.UserServiceApplication  : No active profile set, falling back to 1 default profile: "default"
2025-12-26T19:40:35.336+05:30  INFO 26380 --- [user-service] [main] [                                                 ] o.s.c.c.c.ConfigServerConfigDataLoader   : Fetching config from server at : http://localhost:8888
2025-12-26T19:40:35.337+05:30  INFO 26380 --- [user-service] [main] [                                                 ] o.s.c.c.c.ConfigServerConfigDataLoader   : Located environment: name=user-service, profiles=[default], label=null, version=null, state=null
2025-12-26T19:40:36.582+05:30  INFO 26380 --- [user-service] [main] [                                                 ] .s.d.r.c.RepositoryConfigurationDelegate : Bootstrapping Spring Data MongoDB repositories in DEFAULT mode.
2025-12-26T19:40:36.710+05:30  INFO 26380 --- [user-service] [main] [                                                 ] .s.d.r.c.RepositoryConfigurationDelegate : Finished Spring Data repository scanning in 120 ms. Found 1 MongoDB repository interface.
2025-12-26T19:40:37.107+05:30  INFO 26380 --- [user-service] [main] [                                                 ] faultConfiguringBeanFactoryPostProcessor : No bean named 'errorChannel' has been explicitly defined. Therefore, a default PublishSubscribeChannel will be created.
2025-12-26T19:40:37.113+05:30  INFO 26380 --- [user-service] [main] [                                                 ] faultConfiguringBeanFactoryPostProcessor : No bean named 'integrationHeaderChannelRegistry' has been explicitly defined. Therefore, a default DefaultHeaderChannelRegistry will be created.
2025-12-26T19:40:37.156+05:30  INFO 26380 --- [user-service] [main] [                                                 ] o.s.cloud.context.scope.GenericScope     : BeanFactory id=0ccc92f8-8c75-362d-aa71-554ff4d70284
2025-12-26T19:40:37.574+05:30  INFO 26380 --- [user-service] [main] [                                                 ] o.s.boot.tomcat.TomcatWebServer          : Tomcat initialized with port 8002 (http)
2025-12-26T19:40:37.590+05:30  INFO 26380 --- [user-service] [main] [                                                 ] o.apache.catalina.core.StandardService   : Starting service [Tomcat]
2025-12-26T19:40:37.591+05:30  INFO 26380 --- [user-service] [main] [                                                 ] o.apache.catalina.core.StandardEngine    : Starting Servlet engine: [Apache Tomcat/11.0.14]
2025-12-26T19:40:37.705+05:30  INFO 26380 --- [user-service] [main] [                                                 ] b.w.c.s.WebApplicationContextInitializer : Root WebApplicationContext: initialization completed in 2366 ms
2025-12-26T19:40:38.616+05:30  INFO 26380 --- [user-service] [main] [                                                 ] org.mongodb.driver.client                : MongoClient with metadata {"application": {"name": "user-data1"}, "driver": {"name": "mongo-java-driver|spring-boot|sync", "version": "5.6.1"}, "os": {"type": "Windows", "name": "Windows 11", "architecture": "amd64", "version": "10.0"}, "platform": "Java/Oracle Corporation/25.0.1+8-27"} created with settings MongoClientSettings{readPreference=primary, writeConcern=WriteConcern{w=majority, wTimeout=null ms, journal=null}, retryWrites=true, retryReads=true, readConcern=ReadConcern{level=null}, credential=MongoCredential{mechanism=null, userName='springtest73_db_user', source='admin', password=<hidden>, mechanismProperties=<hidden>}, transportSettings=null, commandListeners=[io.micrometer.core.instrument.binder.mongodb.MongoMetricsCommandListener@36696821], codecRegistry=ProvidersCodecRegistry{codecProviders=[ValueCodecProvider{}, BsonValueCodecProvider{}, DBRefCodecProvider{}, DBObjectCodecProvider{}, DocumentCodecProvider{}, CollectionCodecProvider{}, IterableCodecProvider{}, MapCodecProvider{}, GeoJsonCodecProvider{}, GridFSFileCodecProvider{}, Jsr310CodecProvider{}, JsonObjectCodecProvider{}, BsonCodecProvider{}, com.mongodb.client.model.mql.ExpressionCodecProvider@5f01361e, com.mongodb.Jep395RecordCodecProvider@769a9b7a, com.mongodb.KotlinCodecProvider@2d568cff, EnumCodecProvider{}]}, loggerSettings=LoggerSettings{maxDocumentLength=1000}, clusterSettings={hosts=[127.0.0.1:27017], srvHost=user-data1.mccbtpv.mongodb.net, srvServiceName=mongodb, mode=MULTIPLE, requiredClusterType=REPLICA_SET, requiredReplicaSetName='atlas-ar8xay-shard-0', serverSelector='null', clusterListeners='[]', serverSelectionTimeout='30000 ms', localThreshold='15 ms'}, socketSettings=SocketSettings{connectTimeoutMS=10000, readTimeoutMS=0, receiveBufferSize=0, proxySettings=ProxySettings{host=null, port=null, username=null, password=null}}, heartbeatSocketSettings=SocketSettings{connectTimeoutMS=10000, readTimeoutMS=10000, receiveBufferSize=0, proxySettings=ProxySettings{host=null, port=null, username=null, password=null}}, connectionPoolSettings=ConnectionPoolSettings{maxSize=100, minSize=0, maxWaitTimeMS=120000, maxConnectionLifeTimeMS=0, maxConnectionIdleTimeMS=0, maintenanceInitialDelayMS=0, maintenanceFrequencyMS=60000, connectionPoolListeners=[io.micrometer.core.instrument.binder.mongodb.MongoMetricsConnectionPoolListener@5003c114], maxConnecting=2}, serverSettings=ServerSettings{heartbeatFrequencyMS=10000, minHeartbeatFrequencyMS=500, serverMonitoringMode=AUTO, serverListeners='[]', serverMonitorListeners='[]'}, sslSettings=SslSettings{enabled=true, invalidHostNameAllowed=false, context=null}, applicationName='user-data1', compressorList=[], uuidRepresentation=UNSPECIFIED, serverApi=null, autoEncryptionSettings=null, dnsClient=null, inetAddressResolver=null, contextProvider=null, timeoutMS=null}
2025-12-26T19:40:38.681+05:30  INFO 26380 --- [user-service] [cluster-ClusterId{value='694e975ec401f9ef0d3ce963', description='user-data1'}-srv-user-data1.mccbtpv.mongodb.net] [                                                 ] org.mongodb.driver.cluster               : Adding discovered server ac-liocq6f-shard-00-01.mccbtpv.mongodb.net:27017 to client view of cluster
2025-12-26T19:40:38.711+05:30  INFO 26380 --- [user-service] [cluster-ClusterId{value='694e975ec401f9ef0d3ce963', description='user-data1'}-srv-user-data1.mccbtpv.mongodb.net] [                                                 ] org.mongodb.driver.cluster               : Adding discovered server ac-liocq6f-shard-00-02.mccbtpv.mongodb.net:27017 to client view of cluster
2025-12-26T19:40:38.712+05:30  INFO 26380 --- [user-service] [cluster-ClusterId{value='694e975ec401f9ef0d3ce963', description='user-data1'}-srv-user-data1.mccbtpv.mongodb.net] [                                                 ] org.mongodb.driver.cluster               : Adding discovered server ac-liocq6f-shard-00-00.mccbtpv.mongodb.net:27017 to client view of cluster
2025-12-26T19:40:39.220+05:30  INFO 26380 --- [user-service] [cluster-ClusterId{value='694e975ec401f9ef0d3ce963', description='user-data1'}-ac-liocq6f-shard-00-00.mccbtpv.mongodb.net:27017] [                                                 ] org.mongodb.driver.cluster               : Monitor thread successfully connected to server with description ServerDescription{address=ac-liocq6f-shard-00-00.mccbtpv.mongodb.net:27017, type=REPLICA_SET_SECONDARY, cryptd=false, state=CONNECTED, ok=true, minWireVersion=0, maxWireVersion=25, maxDocumentSize=16777216, logicalSessionTimeoutMinutes=30, roundTripTimeNanos=293096300, minRoundTripTimeNanos=0, setName='atlas-ar8xay-shard-0', canonicalAddress=ac-liocq6f-shard-00-00.mccbtpv.mongodb.net:27017, hosts=[ac-liocq6f-shard-00-00.mccbtpv.mongodb.net:27017, ac-liocq6f-shard-00-01.mccbtpv.mongodb.net:27017, ac-liocq6f-shard-00-02.mccbtpv.mongodb.net:27017], passives=[], arbiters=[], primary='ac-liocq6f-shard-00-01.mccbtpv.mongodb.net:27017', tagSet=TagSet{[Tag{name='availabilityZone', value='aps1-az1'}, Tag{name='diskState', value='READY'}, Tag{name='nodeType', value='ELECTABLE'}, Tag{name='provider', value='AWS'}, Tag{name='region', value='AP_SOUTH_1'}, Tag{name='workloadType', value='OPERATIONAL'}]}, electionId=null, setVersion=187, topologyVersion=TopologyVersion{processId=6942e088d6e3822161e63363, counter=4}, lastWriteDate=Fri Dec 26 19:40:40 IST 2025, lastUpdateTimeNanos=1249726971029000}
2025-12-26T19:40:39.220+05:30  INFO 26380 --- [user-service] [cluster-ClusterId{value='694e975ec401f9ef0d3ce963', description='user-data1'}-ac-liocq6f-shard-00-02.mccbtpv.mongodb.net:27017] [                                                 ] org.mongodb.driver.cluster               : Monitor thread successfully connected to server with description ServerDescription{address=ac-liocq6f-shard-00-02.mccbtpv.mongodb.net:27017, type=REPLICA_SET_SECONDARY, cryptd=false, state=CONNECTED, ok=true, minWireVersion=0, maxWireVersion=25, maxDocumentSize=16777216, logicalSessionTimeoutMinutes=30, roundTripTimeNanos=289638500, minRoundTripTimeNanos=0, setName='atlas-ar8xay-shard-0', canonicalAddress=ac-liocq6f-shard-00-02.mccbtpv.mongodb.net:27017, hosts=[ac-liocq6f-shard-00-00.mccbtpv.mongodb.net:27017, ac-liocq6f-shard-00-01.mccbtpv.mongodb.net:27017, ac-liocq6f-shard-00-02.mccbtpv.mongodb.net:27017], passives=[], arbiters=[], primary='ac-liocq6f-shard-00-01.mccbtpv.mongodb.net:27017', tagSet=TagSet{[Tag{name='availabilityZone', value='aps1-az2'}, Tag{name='diskState', value='READY'}, Tag{name='nodeType', value='ELECTABLE'}, Tag{name='provider', value='AWS'}, Tag{name='region', value='AP_SOUTH_1'}, Tag{name='workloadType', value='OPERATIONAL'}]}, electionId=null, setVersion=187, topologyVersion=TopologyVersion{processId=6942e10fa65e157f99931a54, counter=3}, lastWriteDate=Fri Dec 26 19:40:40 IST 2025, lastUpdateTimeNanos=1249726971072200}
2025-12-26T19:40:39.221+05:30  INFO 26380 --- [user-service] [cluster-ClusterId{value='694e975ec401f9ef0d3ce963', description='user-data1'}-ac-liocq6f-shard-00-01.mccbtpv.mongodb.net:27017] [                                                 ] org.mongodb.driver.cluster               : Monitor thread successfully connected to server with description ServerDescription{address=ac-liocq6f-shard-00-01.mccbtpv.mongodb.net:27017, type=REPLICA_SET_PRIMARY, cryptd=false, state=CONNECTED, ok=true, minWireVersion=0, maxWireVersion=25, maxDocumentSize=16777216, logicalSessionTimeoutMinutes=30, roundTripTimeNanos=292570900, minRoundTripTimeNanos=0, setName='atlas-ar8xay-shard-0', canonicalAddress=ac-liocq6f-shard-00-01.mccbtpv.mongodb.net:27017, hosts=[ac-liocq6f-shard-00-00.mccbtpv.mongodb.net:27017, ac-liocq6f-shard-00-01.mccbtpv.mongodb.net:27017, ac-liocq6f-shard-00-02.mccbtpv.mongodb.net:27017], passives=[], arbiters=[], primary='ac-liocq6f-shard-00-01.mccbtpv.mongodb.net:27017', tagSet=TagSet{[Tag{name='availabilityZone', value='aps1-az3'}, Tag{name='diskState', value='READY'}, Tag{name='nodeType', value='ELECTABLE'}, Tag{name='provider', value='AWS'}, Tag{name='region', value='AP_SOUTH_1'}, Tag{name='workloadType', value='OPERATIONAL'}]}, electionId=7fffffff00000000000000b3, setVersion=187, topologyVersion=TopologyVersion{processId=6942e0ccb1237228add4eb85, counter=6}, lastWriteDate=Fri Dec 26 19:40:40 IST 2025, lastUpdateTimeNanos=1249726970999000}
2025-12-26T19:40:39.223+05:30  INFO 26380 --- [user-service] [cluster-ClusterId{value='694e975ec401f9ef0d3ce963', description='user-data1'}-ac-liocq6f-shard-00-01.mccbtpv.mongodb.net:27017] [                                                 ] org.mongodb.driver.cluster               : Discovered replica set primary ac-liocq6f-shard-00-01.mccbtpv.mongodb.net:27017 with max election id 7fffffff00000000000000b3 and max set version 187
2025-12-26T19:40:39.478+05:30  INFO 26380 --- [user-service] [main] [                                                 ] o.s.c.s.m.DirectWithAttributesChannel    : Channel 'user-service.springCloudBusInput' has 1 subscriber(s).
2025-12-26T19:40:39.945+05:30  INFO 26380 --- [user-service] [main] [                                                 ] DiscoveryClientOptionalArgsConfiguration : Eureka HTTP Client uses RestClient.
2025-12-26T19:40:39.986+05:30  WARN 26380 --- [user-service] [main] [                                                 ] iguration$LoadBalancerCaffeineWarnLogger : Spring Cloud LoadBalancer is currently working with the default cache. While this cache implementation is useful for development and tests, it's recommended to use Caffeine cache in production.You can switch to using Caffeine cache, by adding it and org.springframework.cache.caffeine.CaffeineCacheManager to the classpath.
2025-12-26T19:40:39.992+05:30  INFO 26380 --- [user-service] [main] [                                                 ] o.s.b.a.e.web.EndpointLinksResolver      : Exposing 25 endpoints beneath base path '/actuator'
2025-12-26T19:40:40.150+05:30  INFO 26380 --- [user-service] [main] [                                                 ] figuration$IntegrationJmxConfiguration$1 : Registering MessageChannel errorChannel
2025-12-26T19:40:40.156+05:30  INFO 26380 --- [user-service] [main] [                                                 ] figuration$IntegrationJmxConfiguration$1 : Registering MessageChannel springCloudBusInput
2025-12-26T19:40:40.160+05:30  INFO 26380 --- [user-service] [main] [                                                 ] figuration$IntegrationJmxConfiguration$1 : Registering MessageChannel nullChannel
2025-12-26T19:40:40.164+05:30  INFO 26380 --- [user-service] [main] [                                                 ] figuration$IntegrationJmxConfiguration$1 : Registering MessageHandler _org.springframework.integration.errorLogger
2025-12-26T19:40:40.176+05:30  INFO 26380 --- [user-service] [main] [                                                 ] o.s.i.endpoint.EventDrivenConsumer       : Adding {logging-channel-adapter:_org.springframework.integration.errorLogger} as a subscriber to the 'errorChannel' channel
2025-12-26T19:40:40.177+05:30  INFO 26380 --- [user-service] [main] [                                                 ] o.s.i.channel.PublishSubscribeChannel    : Channel 'user-service.errorChannel' has 1 subscriber(s).
2025-12-26T19:40:40.177+05:30  INFO 26380 --- [user-service] [main] [                                                 ] o.s.i.endpoint.EventDrivenConsumer       : started bean '_org.springframework.integration.errorLogger'
2025-12-26T19:40:40.197+05:30  INFO 26380 --- [user-service] [main] [                                                 ] o.s.c.n.eureka.InstanceInfoFactory       : Setting initial instance status as: STARTING
2025-12-26T19:40:40.227+05:30  INFO 26380 --- [user-service] [main] [                                                 ] com.netflix.discovery.DiscoveryClient    : Initializing Eureka in region us-east-1
2025-12-26T19:40:40.231+05:30  INFO 26380 --- [user-service] [main] [                                                 ] c.n.d.s.r.aws.ConfigClusterResolver      : Resolving eureka endpoints via configuration
2025-12-26T19:40:40.239+05:30  INFO 26380 --- [user-service] [main] [                                                 ] com.netflix.discovery.DiscoveryClient    : Disable delta property : false
2025-12-26T19:40:40.239+05:30  INFO 26380 --- [user-service] [main] [                                                 ] com.netflix.discovery.DiscoveryClient    : Single vip registry refresh property : null
2025-12-26T19:40:40.239+05:30  INFO 26380 --- [user-service] [main] [                                                 ] com.netflix.discovery.DiscoveryClient    : Force full registry fetch : false
2025-12-26T19:40:40.239+05:30  INFO 26380 --- [user-service] [main] [                                                 ] com.netflix.discovery.DiscoveryClient    : Application is null : false
2025-12-26T19:40:40.239+05:30  INFO 26380 --- [user-service] [main] [                                                 ] com.netflix.discovery.DiscoveryClient    : Registered Applications size is zero : true
2025-12-26T19:40:40.239+05:30  INFO 26380 --- [user-service] [main] [                                                 ] com.netflix.discovery.DiscoveryClient    : Application version is -1: true
2025-12-26T19:40:40.240+05:30  INFO 26380 --- [user-service] [main] [                                                 ] com.netflix.discovery.DiscoveryClient    : Getting all instance registry info from the eureka server
2025-12-26T19:40:40.493+05:30  INFO 26380 --- [user-service] [main] [                                                 ] com.netflix.discovery.DiscoveryClient    : The response status is 200
2025-12-26T19:40:40.497+05:30  INFO 26380 --- [user-service] [main] [                                                 ] com.netflix.discovery.DiscoveryClient    : Starting heartbeat executor: renew interval is: 30
2025-12-26T19:40:40.500+05:30  INFO 26380 --- [user-service] [main] [                                                 ] c.n.discovery.InstanceInfoReplicator     : InstanceInfoReplicator onDemand update allowed rate per min is 4
2025-12-26T19:40:40.501+05:30  INFO 26380 --- [user-service] [main] [                                                 ] com.netflix.discovery.DiscoveryClient    : Discovery Client initialized at timestamp 1766758240501 with initial instances count: 2
2025-12-26T19:40:40.504+05:30  INFO 26380 --- [user-service] [main] [                                                 ] o.s.c.n.e.s.EurekaServiceRegistry        : Registering application USER-SERVICE with eureka with status UP
2025-12-26T19:40:40.505+05:30  INFO 26380 --- [user-service] [main] [                                                 ] com.netflix.discovery.DiscoveryClient    : Saw local status change event StatusChangeEvent [timestamp=1766758240505, current=UP, previous=STARTING]
2025-12-26T19:40:40.507+05:30  INFO 26380 --- [user-service] [DiscoveryClient-InstanceInfoReplicator-%d] [                                                 ] com.netflix.discovery.DiscoveryClient    : DiscoveryClient_USER-SERVICE/SamathuRose.mshome.net:user-service:8002: registering service...
2025-12-26T19:40:40.507+05:30  INFO 26380 --- [user-service] [main] [                                                 ] o.s.c.s.binder.DefaultBinderFactory      : Creating binder: rabbit
2025-12-26T19:40:40.508+05:30  INFO 26380 --- [user-service] [main] [                                                 ] o.s.c.s.binder.DefaultBinderFactory      : Constructing binder child context for rabbit
2025-12-26T19:40:40.540+05:30  INFO 26380 --- [user-service] [DiscoveryClient-InstanceInfoReplicator-%d] [                                                 ] com.netflix.discovery.DiscoveryClient    : DiscoveryClient_USER-SERVICE/SamathuRose.mshome.net:user-service:8002 - registration status: 204
2025-12-26T19:40:40.583+05:30  INFO 26380 --- [user-service] [main] [                                                 ] o.s.c.s.binder.DefaultBinderFactory      : Caching the binder: rabbit
2025-12-26T19:40:40.596+05:30  INFO 26380 --- [user-service] [main] [                                                 ] c.s.b.r.p.RabbitExchangeQueueProvisioner : declaring queue for inbound: springCloudBus.anonymous.2kHdxwROQk-O95ZC640DgQ, bound to: springCloudBus
2025-12-26T19:40:40.600+05:30  INFO 26380 --- [user-service] [main] [                                                 ] o.s.a.r.c.CachingConnectionFactory       : Attempting to connect to: [localhost:5672]
2025-12-26T19:40:40.647+05:30  INFO 26380 --- [user-service] [main] [                                                 ] o.s.a.r.c.CachingConnectionFactory       : Created new connection: rabbitConnectionFactory#2cea41ab:0/SimpleConnection@3cd3cf6b [delegate=amqp://guest@127.0.0.1:5672/, localPort=63279]
2025-12-26T19:40:40.693+05:30  INFO 26380 --- [user-service] [main] [                                                 ] o.s.c.stream.binder.BinderErrorChannel   : Channel 'rabbit-1421507391.springCloudBusInput.errors' has 1 subscriber(s).
2025-12-26T19:40:40.694+05:30  INFO 26380 --- [user-service] [main] [                                                 ] o.s.c.stream.binder.BinderErrorChannel   : Channel 'rabbit-1421507391.springCloudBusInput.errors' has 2 subscriber(s).
2025-12-26T19:40:40.722+05:30  INFO 26380 --- [user-service] [main] [                                                 ] o.s.i.a.i.AmqpInboundChannelAdapter      : started bean 'inbound.springCloudBus.anonymous.2kHdxwROQk-O95ZC640DgQ'
2025-12-26T19:40:40.735+05:30  INFO 26380 --- [user-service] [main] [                                                 ] o.s.boot.tomcat.TomcatWebServer          : Tomcat started on port 8002 (http) with context path '/'
2025-12-26T19:40:40.735+05:30  INFO 26380 --- [user-service] [main] [                                                 ] .s.c.n.e.s.EurekaAutoServiceRegistration : Updating port to 8002
2025-12-26T19:40:40.768+05:30  INFO 26380 --- [user-service] [main] [                                                 ] figuration$IntegrationJmxConfiguration$1 : Registering MessageChannel rabbit-1421507391.springCloudBusInput.errors
2025-12-26T19:40:40.784+05:30  INFO 26380 --- [user-service] [main] [                                                 ] c.ms.userservice.UserServiceApplication  : Started UserServiceApplication in 6.51 seconds (process running for 7.553)
2025-12-26T19:40:41.118+05:30  INFO 26380 --- [user-service] [RMI TCP Connection(2)-192.168.29.168] [                                                 ] o.a.c.c.C.[Tomcat].[localhost].[/]       : Initializing Spring DispatcherServlet 'dispatcherServlet'
2025-12-26T19:40:41.118+05:30  INFO 26380 --- [user-service] [RMI TCP Connection(2)-192.168.29.168] [                                                 ] o.s.web.servlet.DispatcherServlet        : Initializing Servlet 'dispatcherServlet'
2025-12-26T19:40:41.122+05:30  INFO 26380 --- [user-service] [RMI TCP Connection(2)-192.168.29.168] [                                                 ] o.s.web.servlet.DispatcherServlet        : Completed initialization in 4 ms
2025-12-26T19:45:40.242+05:30  INFO 26380 --- [user-service] [AsyncResolver-bootstrap-executor-%d] [                                                 ] c.n.d.s.r.aws.ConfigClusterResolver      : Resolving eureka endpoints via configuration
2025-12-26T19:50:40.246+05:30  INFO 26380 --- [user-service] [AsyncResolver-bootstrap-executor-%d] [                                                 ] c.n.d.s.r.aws.ConfigClusterResolver      : Resolving eureka endpoints via configuration
2025-12-26T19:55:40.259+05:30  INFO 26380 --- [user-service] [AsyncResolver-bootstrap-executor-%d] [                                                 ] c.n.d.s.r.aws.ConfigClusterResolver      : Resolving eureka endpoints via configuration
2025-12-26T20:00:40.263+05:30  INFO 26380 --- [user-service] [AsyncResolver-bootstrap-executor-%d] [                                                 ] c.n.d.s.r.aws.ConfigClusterResolver      : Resolving eureka endpoints via configuration
2025-12-26T20:05:40.269+05:30  INFO 26380 --- [user-service] [AsyncResolver-bootstrap-executor-%d] [                                                 ] c.n.d.s.r.aws.ConfigClusterResolver      : Resolving eureka endpoints via configuration
2025-12-26T20:10:40.270+05:30  INFO 26380 --- [user-service] [AsyncResolver-bootstrap-executor-%d] [                                                 ] c.n.d.s.r.aws.ConfigClusterResolver      : Resolving eureka endpoints via configuration
2025-12-26T20:15:40.272+05:30  INFO 26380 --- [user-service] [AsyncResolver-bootstrap-executor-%d] [                                                 ] c.n.d.s.r.aws.ConfigClusterResolver      : Resolving eureka endpoints via configuration
2025-12-26T20:20:40.276+05:30  INFO 26380 --- [user-service] [AsyncResolver-bootstrap-executor-%d] [                                                 ] c.n.d.s.r.aws.ConfigClusterResolver      : Resolving eureka endpoints via configuration
2025-12-26T20:25:40.277+05:30  INFO 26380 --- [user-service] [AsyncResolver-bootstrap-executor-%d] [                                                 ] c.n.d.s.r.aws.ConfigClusterResolver      : Resolving eureka endpoints via configuration
2025-12-26T20:30:40.280+05:30  INFO 26380 --- [user-service] [AsyncResolver-bootstrap-executor-%d] [                                                 ] c.n.d.s.r.aws.ConfigClusterResolver      : Resolving eureka endpoints via configuration
2025-12-26T20:35:40.285+05:30  INFO 26380 --- [user-service] [AsyncResolver-bootstrap-executor-%d] [                                                 ] c.n.d.s.r.aws.ConfigClusterResolver      : Resolving eureka endpoints via configuration
2025-12-26T20:40:41.607+05:30  INFO 26380 --- [user-service] [AsyncResolver-bootstrap-executor-%d] [                                                 ] c.n.d.s.r.aws.ConfigClusterResolver      : Resolving eureka endpoints via configuration
2025-12-26T20:45:41.616+05:30  INFO 26380 --- [user-service] [AsyncResolver-bootstrap-executor-%d] [                                                 ] c.n.d.s.r.aws.ConfigClusterResolver      : Resolving eureka endpoints via configuration
2025-12-26T20:50:41.627+05:30  INFO 26380 --- [user-service] [AsyncResolver-bootstrap-executor-%d] [                                                 ] c.n.d.s.r.aws.ConfigClusterResolver      : Resolving eureka endpoints via configuration
2025-12-26T20:55:41.628+05:30  INFO 26380 --- [user-service] [AsyncResolver-bootstrap-executor-%d] [                                                 ] c.n.d.s.r.aws.ConfigClusterResolver      : Resolving eureka endpoints via configuration
2025-12-26T21:00:41.628+05:30  INFO 26380 --- [user-service] [AsyncResolver-bootstrap-executor-%d] [                                                 ] c.n.d.s.r.aws.ConfigClusterResolver      : Resolving eureka endpoints via configuration
2025-12-26T21:05:41.639+05:30  INFO 26380 --- [user-service] [AsyncResolver-bootstrap-executor-%d] [                                                 ] c.n.d.s.r.aws.ConfigClusterResolver      : Resolving eureka endpoints via configuration
2025-12-26T21:35:35.500+05:30  INFO 26380 --- [user-service] [cluster-ClusterId{value='694e975ec401f9ef0d3ce963', description='user-data1'}-ac-liocq6f-shard-00-01.mccbtpv.mongodb.net:27017] [                                                 ] org.mongodb.driver.cluster               : Exception in monitor thread while connecting to server ac-liocq6f-shard-00-01.mccbtpv.mongodb.net:27017

com.mongodb.MongoSocketReadException: Exception receiving message
	at com.mongodb.internal.connection.InternalStreamConnection.translateReadException(InternalStreamConnection.java:809) ~[mongodb-driver-core-5.6.1.jar:na]
	at com.mongodb.internal.connection.InternalStreamConnection.receiveResponseBuffers(InternalStreamConnection.java:857) ~[mongodb-driver-core-5.6.1.jar:na]
	at com.mongodb.internal.connection.InternalStreamConnection.receiveCommandMessageResponse(InternalStreamConnection.java:517) ~[mongodb-driver-core-5.6.1.jar:na]
	at com.mongodb.internal.connection.InternalStreamConnection.receive(InternalStreamConnection.java:469) ~[mongodb-driver-core-5.6.1.jar:na]
	at com.mongodb.internal.connection.DefaultServerMonitor$ServerMonitor.doHeartbeat(DefaultServerMonitor.java:311) ~[mongodb-driver-core-5.6.1.jar:na]
	at com.mongodb.internal.connection.DefaultServerMonitor$ServerMonitor.lookupServerDescription(DefaultServerMonitor.java:262) ~[mongodb-driver-core-5.6.1.jar:na]
	at com.mongodb.internal.connection.DefaultServerMonitor$ServerMonitor.run(DefaultServerMonitor.java:203) ~[mongodb-driver-core-5.6.1.jar:na]
Caused by: java.net.SocketException: Connection reset
	at java.base/sun.nio.ch.NioSocketImpl.implRead(NioSocketImpl.java:316) ~[na:na]
	at java.base/sun.nio.ch.NioSocketImpl.read(NioSocketImpl.java:354) ~[na:na]
	at java.base/sun.nio.ch.NioSocketImpl$1.read(NioSocketImpl.java:798) ~[na:na]
	at java.base/java.net.Socket$SocketInputStream.implRead(Socket.java:974) ~[na:na]
	at java.base/java.net.Socket$SocketInputStream.read(Socket.java:964) ~[na:na]
	at java.base/sun.security.ssl.SSLSocketInputRecord.read(SSLSocketInputRecord.java:489) ~[na:na]
	at java.base/sun.security.ssl.SSLSocketInputRecord.readHeader(SSLSocketInputRecord.java:483) ~[na:na]
	at java.base/sun.security.ssl.SSLSocketInputRecord.bytesInCompletePacket(SSLSocketInputRecord.java:70) ~[na:na]
	at java.base/sun.security.ssl.SSLSocketImpl.readApplicationRecord(SSLSocketImpl.java:1461) ~[na:na]
	at java.base/sun.security.ssl.SSLSocketImpl$AppInputStream.read(SSLSocketImpl.java:1068) ~[na:na]
	at com.mongodb.internal.connection.SocketStream.read(SocketStream.java:182) ~[mongodb-driver-core-5.6.1.jar:na]
	at com.mongodb.internal.connection.InternalStreamConnection.receiveResponseBuffers(InternalStreamConnection.java:824) ~[mongodb-driver-core-5.6.1.jar:na]
	... 5 common frames omitted

2025-12-26T21:35:35.820+05:30  INFO 26380 --- [user-service] [cluster-ClusterId{value='694e975ec401f9ef0d3ce963', description='user-data1'}-ac-liocq6f-shard-00-00.mccbtpv.mongodb.net:27017] [                                                 ] org.mongodb.driver.cluster               : Exception in monitor thread while connecting to server ac-liocq6f-shard-00-00.mccbtpv.mongodb.net:27017

com.mongodb.MongoSocketReadException: Exception receiving message
	at com.mongodb.internal.connection.InternalStreamConnection.translateReadException(InternalStreamConnection.java:809) ~[mongodb-driver-core-5.6.1.jar:na]
	at com.mongodb.internal.connection.InternalStreamConnection.receiveResponseBuffers(InternalStreamConnection.java:857) ~[mongodb-driver-core-5.6.1.jar:na]
	at com.mongodb.internal.connection.InternalStreamConnection.receiveCommandMessageResponse(InternalStreamConnection.java:517) ~[mongodb-driver-core-5.6.1.jar:na]
	at com.mongodb.internal.connection.InternalStreamConnection.receive(InternalStreamConnection.java:469) ~[mongodb-driver-core-5.6.1.jar:na]
	at com.mongodb.internal.connection.DefaultServerMonitor$ServerMonitor.doHeartbeat(DefaultServerMonitor.java:311) ~[mongodb-driver-core-5.6.1.jar:na]
	at com.mongodb.internal.connection.DefaultServerMonitor$ServerMonitor.lookupServerDescription(DefaultServerMonitor.java:262) ~[mongodb-driver-core-5.6.1.jar:na]
	at com.mongodb.internal.connection.DefaultServerMonitor$ServerMonitor.run(DefaultServerMonitor.java:203) ~[mongodb-driver-core-5.6.1.jar:na]
Caused by: java.net.SocketException: Connection reset
	at java.base/sun.nio.ch.NioSocketImpl.implRead(NioSocketImpl.java:316) ~[na:na]
	at java.base/sun.nio.ch.NioSocketImpl.read(NioSocketImpl.java:354) ~[na:na]
	at java.base/sun.nio.ch.NioSocketImpl$1.read(NioSocketImpl.java:798) ~[na:na]
	at java.base/java.net.Socket$SocketInputStream.implRead(Socket.java:974) ~[na:na]
	at java.base/java.net.Socket$SocketInputStream.read(Socket.java:964) ~[na:na]
	at java.base/sun.security.ssl.SSLSocketInputRecord.read(SSLSocketInputRecord.java:489) ~[na:na]
	at java.base/sun.security.ssl.SSLSocketInputRecord.readHeader(SSLSocketInputRecord.java:483) ~[na:na]
	at java.base/sun.security.ssl.SSLSocketInputRecord.bytesInCompletePacket(SSLSocketInputRecord.java:70) ~[na:na]
	at java.base/sun.security.ssl.SSLSocketImpl.readApplicationRecord(SSLSocketImpl.java:1461) ~[na:na]
	at java.base/sun.security.ssl.SSLSocketImpl$AppInputStream.read(SSLSocketImpl.java:1068) ~[na:na]
	at com.mongodb.internal.connection.SocketStream.read(SocketStream.java:182) ~[mongodb-driver-core-5.6.1.jar:na]
	at com.mongodb.internal.connection.InternalStreamConnection.receiveResponseBuffers(InternalStreamConnection.java:824) ~[mongodb-driver-core-5.6.1.jar:na]
	... 5 common frames omitted

2025-12-26T21:35:35.820+05:30  INFO 26380 --- [user-service] [cluster-ClusterId{value='694e975ec401f9ef0d3ce963', description='user-data1'}-ac-liocq6f-shard-00-02.mccbtpv.mongodb.net:27017] [                                                 ] org.mongodb.driver.cluster               : Exception in monitor thread while connecting to server ac-liocq6f-shard-00-02.mccbtpv.mongodb.net:27017

com.mongodb.MongoSocketReadException: Exception receiving message
	at com.mongodb.internal.connection.InternalStreamConnection.translateReadException(InternalStreamConnection.java:809) ~[mongodb-driver-core-5.6.1.jar:na]
	at com.mongodb.internal.connection.InternalStreamConnection.receiveResponseBuffers(InternalStreamConnection.java:857) ~[mongodb-driver-core-5.6.1.jar:na]
	at com.mongodb.internal.connection.InternalStreamConnection.receiveCommandMessageResponse(InternalStreamConnection.java:517) ~[mongodb-driver-core-5.6.1.jar:na]
	at com.mongodb.internal.connection.InternalStreamConnection.receive(InternalStreamConnection.java:469) ~[mongodb-driver-core-5.6.1.jar:na]
	at com.mongodb.internal.connection.DefaultServerMonitor$ServerMonitor.doHeartbeat(DefaultServerMonitor.java:311) ~[mongodb-driver-core-5.6.1.jar:na]
	at com.mongodb.internal.connection.DefaultServerMonitor$ServerMonitor.lookupServerDescription(DefaultServerMonitor.java:262) ~[mongodb-driver-core-5.6.1.jar:na]
	at com.mongodb.internal.connection.DefaultServerMonitor$ServerMonitor.run(DefaultServerMonitor.java:203) ~[mongodb-driver-core-5.6.1.jar:na]
Caused by: java.net.SocketException: Connection reset
	at java.base/sun.nio.ch.NioSocketImpl.implRead(NioSocketImpl.java:316) ~[na:na]
	at java.base/sun.nio.ch.NioSocketImpl.read(NioSocketImpl.java:354) ~[na:na]
	at java.base/sun.nio.ch.NioSocketImpl$1.read(NioSocketImpl.java:798) ~[na:na]
	at java.base/java.net.Socket$SocketInputStream.implRead(Socket.java:974) ~[na:na]
	at java.base/java.net.Socket$SocketInputStream.read(Socket.java:964) ~[na:na]
	at java.base/sun.security.ssl.SSLSocketInputRecord.read(SSLSocketInputRecord.java:489) ~[na:na]
	at java.base/sun.security.ssl.SSLSocketInputRecord.readHeader(SSLSocketInputRecord.java:483) ~[na:na]
	at java.base/sun.security.ssl.SSLSocketInputRecord.bytesInCompletePacket(SSLSocketInputRecord.java:70) ~[na:na]
	at java.base/sun.security.ssl.SSLSocketImpl.readApplicationRecord(SSLSocketImpl.java:1461) ~[na:na]
	at java.base/sun.security.ssl.SSLSocketImpl$AppInputStream.read(SSLSocketImpl.java:1068) ~[na:na]
	at com.mongodb.internal.connection.SocketStream.read(SocketStream.java:182) ~[mongodb-driver-core-5.6.1.jar:na]
	at com.mongodb.internal.connection.InternalStreamConnection.receiveResponseBuffers(InternalStreamConnection.java:824) ~[mongodb-driver-core-5.6.1.jar:na]
	... 5 common frames omitted

2025-12-26T21:35:36.742+05:30  INFO 26380 --- [user-service] [cluster-ClusterId{value='694e975ec401f9ef0d3ce963', description='user-data1'}-ac-liocq6f-shard-00-00.mccbtpv.mongodb.net:27017] [                                                 ] org.mongodb.driver.cluster               : Exception in monitor thread while connecting to server ac-liocq6f-shard-00-00.mccbtpv.mongodb.net:27017

com.mongodb.MongoSocketException: No such host is known (ac-liocq6f-shard-00-00.mccbtpv.mongodb.net)
	at com.mongodb.internal.connection.ServerAddressHelper.getSocketAddresses(ServerAddressHelper.java:75) ~[mongodb-driver-core-5.6.1.jar:na]
	at com.mongodb.internal.connection.SocketStream.initializeSocket(SocketStream.java:100) ~[mongodb-driver-core-5.6.1.jar:na]
	at com.mongodb.internal.connection.SocketStream.open(SocketStream.java:79) ~[mongodb-driver-core-5.6.1.jar:na]
	at com.mongodb.internal.connection.InternalStreamConnection.open(InternalStreamConnection.java:233) ~[mongodb-driver-core-5.6.1.jar:na]
	at com.mongodb.internal.connection.DefaultServerMonitor$ServerMonitor.setupNewConnectionAndGetInitialDescription(DefaultServerMonitor.java:282) ~[mongodb-driver-core-5.6.1.jar:na]
	at com.mongodb.internal.connection.DefaultServerMonitor$ServerMonitor.lookupServerDescription(DefaultServerMonitor.java:253) ~[mongodb-driver-core-5.6.1.jar:na]
	at com.mongodb.internal.connection.DefaultServerMonitor$ServerMonitor.run(DefaultServerMonitor.java:203) ~[mongodb-driver-core-5.6.1.jar:na]
Caused by: java.net.UnknownHostException: No such host is known (ac-liocq6f-shard-00-00.mccbtpv.mongodb.net)
	at java.base/java.net.Inet6AddressImpl.lookupAllHostAddr(Native Method) ~[na:na]
	at java.base/java.net.Inet6AddressImpl.lookupAllHostAddr(Inet6AddressImpl.java:52) ~[na:na]
	at java.base/java.net.InetAddress$PlatformResolver.lookupByName(InetAddress.java:1134) ~[na:na]
	at java.base/java.net.InetAddress.getAddressesFromNameService(InetAddress.java:1712) ~[na:na]
	at java.base/java.net.InetAddress$NameServiceAddresses.get(InetAddress.java:1060) ~[na:na]
	at java.base/java.net.InetAddress.getAllByName0(InetAddress.java:1702) ~[na:na]
	at java.base/java.net.InetAddress.getAllByName(InetAddress.java:1582) ~[na:na]
	at com.mongodb.internal.connection.DefaultInetAddressResolver.lookupByName(DefaultInetAddressResolver.java:34) ~[mongodb-driver-core-5.6.1.jar:na]
	at com.mongodb.internal.connection.ServerAddressHelper.getSocketAddresses(ServerAddressHelper.java:71) ~[mongodb-driver-core-5.6.1.jar:na]
	... 6 common frames omitted

2025-12-26T21:35:36.707+05:30  INFO 26380 --- [user-service] [cluster-ClusterId{value='694e975ec401f9ef0d3ce963', description='user-data1'}-ac-liocq6f-shard-00-02.mccbtpv.mongodb.net:27017] [                                                 ] org.mongodb.driver.cluster               : Exception in monitor thread while connecting to server ac-liocq6f-shard-00-02.mccbtpv.mongodb.net:27017

com.mongodb.MongoSocketException: No such host is known (ac-liocq6f-shard-00-02.mccbtpv.mongodb.net)
	at com.mongodb.internal.connection.ServerAddressHelper.getSocketAddresses(ServerAddressHelper.java:75) ~[mongodb-driver-core-5.6.1.jar:na]
	at com.mongodb.internal.connection.SocketStream.initializeSocket(SocketStream.java:100) ~[mongodb-driver-core-5.6.1.jar:na]
	at com.mongodb.internal.connection.SocketStream.open(SocketStream.java:79) ~[mongodb-driver-core-5.6.1.jar:na]
	at com.mongodb.internal.connection.InternalStreamConnection.open(InternalStreamConnection.java:233) ~[mongodb-driver-core-5.6.1.jar:na]
	at com.mongodb.internal.connection.DefaultServerMonitor$ServerMonitor.setupNewConnectionAndGetInitialDescription(DefaultServerMonitor.java:282) ~[mongodb-driver-core-5.6.1.jar:na]
	at com.mongodb.internal.connection.DefaultServerMonitor$ServerMonitor.lookupServerDescription(DefaultServerMonitor.java:253) ~[mongodb-driver-core-5.6.1.jar:na]
	at com.mongodb.internal.connection.DefaultServerMonitor$ServerMonitor.run(DefaultServerMonitor.java:203) ~[mongodb-driver-core-5.6.1.jar:na]
Caused by: java.net.UnknownHostException: No such host is known (ac-liocq6f-shard-00-02.mccbtpv.mongodb.net)
	at java.base/java.net.Inet6AddressImpl.lookupAllHostAddr(Native Method) ~[na:na]
	at java.base/java.net.Inet6AddressImpl.lookupAllHostAddr(Inet6AddressImpl.java:52) ~[na:na]
	at java.base/java.net.InetAddress$PlatformResolver.lookupByName(InetAddress.java:1134) ~[na:na]
	at java.base/java.net.InetAddress.getAddressesFromNameService(InetAddress.java:1712) ~[na:na]
	at java.base/java.net.InetAddress$NameServiceAddresses.get(InetAddress.java:1060) ~[na:na]
	at java.base/java.net.InetAddress.getAllByName0(InetAddress.java:1702) ~[na:na]
	at java.base/java.net.InetAddress.getAllByName(InetAddress.java:1582) ~[na:na]
	at com.mongodb.internal.connection.DefaultInetAddressResolver.lookupByName(DefaultInetAddressResolver.java:34) ~[mongodb-driver-core-5.6.1.jar:na]
	at com.mongodb.internal.connection.ServerAddressHelper.getSocketAddresses(ServerAddressHelper.java:71) ~[mongodb-driver-core-5.6.1.jar:na]
	... 6 common frames omitted

2025-12-26T21:35:36.773+05:30  INFO 26380 --- [user-service] [cluster-ClusterId{value='694e975ec401f9ef0d3ce963', description='user-data1'}-ac-liocq6f-shard-00-01.mccbtpv.mongodb.net:27017] [                                                 ] org.mongodb.driver.cluster               : Exception in monitor thread while connecting to server ac-liocq6f-shard-00-01.mccbtpv.mongodb.net:27017

com.mongodb.MongoSocketException: No such host is known (ac-liocq6f-shard-00-01.mccbtpv.mongodb.net)
	at com.mongodb.internal.connection.ServerAddressHelper.getSocketAddresses(ServerAddressHelper.java:75) ~[mongodb-driver-core-5.6.1.jar:na]
	at com.mongodb.internal.connection.SocketStream.initializeSocket(SocketStream.java:100) ~[mongodb-driver-core-5.6.1.jar:na]
	at com.mongodb.internal.connection.SocketStream.open(SocketStream.java:79) ~[mongodb-driver-core-5.6.1.jar:na]
	at com.mongodb.internal.connection.InternalStreamConnection.open(InternalStreamConnection.java:233) ~[mongodb-driver-core-5.6.1.jar:na]
	at com.mongodb.internal.connection.DefaultServerMonitor$ServerMonitor.setupNewConnectionAndGetInitialDescription(DefaultServerMonitor.java:282) ~[mongodb-driver-core-5.6.1.jar:na]
	at com.mongodb.internal.connection.DefaultServerMonitor$ServerMonitor.lookupServerDescription(DefaultServerMonitor.java:253) ~[mongodb-driver-core-5.6.1.jar:na]
	at com.mongodb.internal.connection.DefaultServerMonitor$ServerMonitor.run(DefaultServerMonitor.java:203) ~[mongodb-driver-core-5.6.1.jar:na]
Caused by: java.net.UnknownHostException: No such host is known (ac-liocq6f-shard-00-01.mccbtpv.mongodb.net)
	at java.base/java.net.Inet6AddressImpl.lookupAllHostAddr(Native Method) ~[na:na]
	at java.base/java.net.Inet6AddressImpl.lookupAllHostAddr(Inet6AddressImpl.java:52) ~[na:na]
	at java.base/java.net.InetAddress$PlatformResolver.lookupByName(InetAddress.java:1134) ~[na:na]
	at java.base/java.net.InetAddress.getAddressesFromNameService(InetAddress.java:1712) ~[na:na]
	at java.base/java.net.InetAddress$NameServiceAddresses.get(InetAddress.java:1060) ~[na:na]
	at java.base/java.net.InetAddress.getAllByName0(InetAddress.java:1702) ~[na:na]
	at java.base/java.net.InetAddress.getAllByName(InetAddress.java:1582) ~[na:na]
	at com.mongodb.internal.connection.DefaultInetAddressResolver.lookupByName(DefaultInetAddressResolver.java:34) ~[mongodb-driver-core-5.6.1.jar:na]
	at com.mongodb.internal.connection.ServerAddressHelper.getSocketAddresses(ServerAddressHelper.java:71) ~[mongodb-driver-core-5.6.1.jar:na]
	... 6 common frames omitted

2025-12-26T21:47:49.991+05:30  INFO 26380 --- [user-service] [cluster-ClusterId{value='694e975ec401f9ef0d3ce963', description='user-data1'}-ac-liocq6f-shard-00-01.mccbtpv.mongodb.net:27017] [                                                 ] org.mongodb.driver.cluster               : Monitor thread successfully connected to server with description ServerDescription{address=ac-liocq6f-shard-00-01.mccbtpv.mongodb.net:27017, type=REPLICA_SET_PRIMARY, cryptd=false, state=CONNECTED, ok=true, minWireVersion=0, maxWireVersion=25, maxDocumentSize=16777216, logicalSessionTimeoutMinutes=30, roundTripTimeNanos=248309200, minRoundTripTimeNanos=0, setName='atlas-ar8xay-shard-0', canonicalAddress=ac-liocq6f-shard-00-01.mccbtpv.mongodb.net:27017, hosts=[ac-liocq6f-shard-00-00.mccbtpv.mongodb.net:27017, ac-liocq6f-shard-00-01.mccbtpv.mongodb.net:27017, ac-liocq6f-shard-00-02.mccbtpv.mongodb.net:27017], passives=[], arbiters=[], primary='ac-liocq6f-shard-00-01.mccbtpv.mongodb.net:27017', tagSet=TagSet{[Tag{name='availabilityZone', value='aps1-az3'}, Tag{name='diskState', value='READY'}, Tag{name='nodeType', value='ELECTABLE'}, Tag{name='provider', value='AWS'}, Tag{name='region', value='AP_SOUTH_1'}, Tag{name='workloadType', value='OPERATIONAL'}]}, electionId=7fffffff00000000000000b3, setVersion=187, topologyVersion=TopologyVersion{processId=6942e0ccb1237228add4eb85, counter=6}, lastWriteDate=Fri Dec 26 21:47:49 IST 2025, lastUpdateTimeNanos=1257356410271900}
2025-12-26T21:47:49.991+05:30  INFO 26380 --- [user-service] [cluster-ClusterId{value='694e975ec401f9ef0d3ce963', description='user-data1'}-ac-liocq6f-shard-00-02.mccbtpv.mongodb.net:27017] [                                                 ] org.mongodb.driver.cluster               : Monitor thread successfully connected to server with description ServerDescription{address=ac-liocq6f-shard-00-02.mccbtpv.mongodb.net:27017, type=REPLICA_SET_SECONDARY, cryptd=false, state=CONNECTED, ok=true, minWireVersion=0, maxWireVersion=25, maxDocumentSize=16777216, logicalSessionTimeoutMinutes=30, roundTripTimeNanos=248338800, minRoundTripTimeNanos=0, setName='atlas-ar8xay-shard-0', canonicalAddress=ac-liocq6f-shard-00-02.mccbtpv.mongodb.net:27017, hosts=[ac-liocq6f-shard-00-00.mccbtpv.mongodb.net:27017, ac-liocq6f-shard-00-01.mccbtpv.mongodb.net:27017, ac-liocq6f-shard-00-02.mccbtpv.mongodb.net:27017], passives=[], arbiters=[], primary='ac-liocq6f-shard-00-01.mccbtpv.mongodb.net:27017', tagSet=TagSet{[Tag{name='availabilityZone', value='aps1-az2'}, Tag{name='diskState', value='READY'}, Tag{name='nodeType', value='ELECTABLE'}, Tag{name='provider', value='AWS'}, Tag{name='region', value='AP_SOUTH_1'}, Tag{name='workloadType', value='OPERATIONAL'}]}, electionId=null, setVersion=187, topologyVersion=TopologyVersion{processId=6942e10fa65e157f99931a54, counter=3}, lastWriteDate=Fri Dec 26 21:47:49 IST 2025, lastUpdateTimeNanos=1257356410271900}
2025-12-26T21:47:49.999+05:30  INFO 26380 --- [user-service] [cluster-ClusterId{value='694e975ec401f9ef0d3ce963', description='user-data1'}-ac-liocq6f-shard-00-00.mccbtpv.mongodb.net:27017] [                                                 ] org.mongodb.driver.cluster               : Monitor thread successfully connected to server with description ServerDescription{address=ac-liocq6f-shard-00-00.mccbtpv.mongodb.net:27017, type=REPLICA_SET_SECONDARY, cryptd=false, state=CONNECTED, ok=true, minWireVersion=0, maxWireVersion=25, maxDocumentSize=16777216, logicalSessionTimeoutMinutes=30, roundTripTimeNanos=254016200, minRoundTripTimeNanos=0, setName='atlas-ar8xay-shard-0', canonicalAddress=ac-liocq6f-shard-00-00.mccbtpv.mongodb.net:27017, hosts=[ac-liocq6f-shard-00-00.mccbtpv.mongodb.net:27017, ac-liocq6f-shard-00-01.mccbtpv.mongodb.net:27017, ac-liocq6f-shard-00-02.mccbtpv.mongodb.net:27017], passives=[], arbiters=[], primary='ac-liocq6f-shard-00-01.mccbtpv.mongodb.net:27017', tagSet=TagSet{[Tag{name='availabilityZone', value='aps1-az1'}, Tag{name='diskState', value='READY'}, Tag{name='nodeType', value='ELECTABLE'}, Tag{name='provider', value='AWS'}, Tag{name='region', value='AP_SOUTH_1'}, Tag{name='workloadType', value='OPERATIONAL'}]}, electionId=null, setVersion=187, topologyVersion=TopologyVersion{processId=6942e088d6e3822161e63363, counter=4}, lastWriteDate=Fri Dec 26 21:47:49 IST 2025, lastUpdateTimeNanos=1257356413989100}
2025-12-26T21:47:50.000+05:30  INFO 26380 --- [user-service] [cluster-ClusterId{value='694e975ec401f9ef0d3ce963', description='user-data1'}-ac-liocq6f-shard-00-01.mccbtpv.mongodb.net:27017] [                                                 ] org.mongodb.driver.cluster               : Discovered replica set primary ac-liocq6f-shard-00-01.mccbtpv.mongodb.net:27017 with max election id 7fffffff00000000000000b3 and max set version 187
2025-12-26T21:48:50.711+05:30  INFO 26380 --- [user-service] [AsyncResolver-bootstrap-executor-%d] [                                                 ] c.n.d.s.r.aws.ConfigClusterResolver      : Resolving eureka endpoints via configuration
2025-12-26T21:53:50.721+05:30  INFO 26380 --- [user-service] [AsyncResolver-bootstrap-executor-%d] [                                                 ] c.n.d.s.r.aws.ConfigClusterResolver      : Resolving eureka endpoints via configuration
2025-12-26T21:58:50.733+05:30  INFO 26380 --- [user-service] [AsyncResolver-bootstrap-executor-%d] [                                                 ] c.n.d.s.r.aws.ConfigClusterResolver      : Resolving eureka endpoints via configuration
2025-12-26T22:03:50.736+05:30  INFO 26380 --- [user-service] [AsyncResolver-bootstrap-executor-%d] [                                                 ] c.n.d.s.r.aws.ConfigClusterResolver      : Resolving eureka endpoints via configuration
2025-12-26T22:08:50.738+05:30  INFO 26380 --- [user-service] [AsyncResolver-bootstrap-executor-%d] [                                                 ] c.n.d.s.r.aws.ConfigClusterResolver      : Resolving eureka endpoints via configuration
2025-12-26T22:10:20.764+05:30  INFO 26380 --- [user-service] [springCloudBus.anonymous.2kHdxwROQk-O95ZC640DgQ-1] [694eba73a7a137c8e8ed0b6846ddbd44-82a79832441150de] o.s.cloud.bus.event.RefreshListener      : Received remote refresh request.
2025-12-26T22:10:20.901+05:30  INFO 26380 --- [user-service] [springCloudBus.anonymous.2kHdxwROQk-O95ZC640DgQ-1] [694eba73a7a137c8e8ed0b6846ddbd44-82a79832441150de] o.s.c.c.c.ConfigServerConfigDataLoader   : Fetching config from server at : http://localhost:8888
2025-12-26T22:10:20.966+05:30  INFO 26380 --- [user-service] [springCloudBus.anonymous.2kHdxwROQk-O95ZC640DgQ-1] [694eba73a7a137c8e8ed0b6846ddbd44-82a79832441150de] o.s.c.c.c.ConfigServerConfigDataLoader   : Located environment: name=user-service, profiles=[default], label=null, version=null, state=null
2025-12-26T22:10:22.026+05:30  INFO 26380 --- [user-service] [springCloudBus.anonymous.2kHdxwROQk-O95ZC640DgQ-1] [694eba73a7a137c8e8ed0b6846ddbd44-82a79832441150de] com.netflix.discovery.DiscoveryClient    : Shutting down DiscoveryClient ...
2025-12-26T22:10:22.132+05:30  INFO 26380 --- [user-service] [springCloudBus.anonymous.2kHdxwROQk-O95ZC640DgQ-1] [694eba73a7a137c8e8ed0b6846ddbd44-82a79832441150de] com.netflix.discovery.DiscoveryClient    : Unregistering ...
2025-12-26T22:10:22.178+05:30  INFO 26380 --- [user-service] [springCloudBus.anonymous.2kHdxwROQk-O95ZC640DgQ-1] [694eba73a7a137c8e8ed0b6846ddbd44-82a79832441150de] com.netflix.discovery.DiscoveryClient    : DiscoveryClient_USER-SERVICE/SamathuRose.mshome.net:user-service:8002 - deregister  status: 200
2025-12-26T22:10:22.179+05:30  INFO 26380 --- [user-service] [springCloudBus.anonymous.2kHdxwROQk-O95ZC640DgQ-1] [694eba73a7a137c8e8ed0b6846ddbd44-82a79832441150de] com.netflix.discovery.DiscoveryClient    : Completed shut down of DiscoveryClient
2025-12-26T22:10:22.190+05:30  INFO 26380 --- [user-service] [springCloudBus.anonymous.2kHdxwROQk-O95ZC640DgQ-1] [694eba73a7a137c8e8ed0b6846ddbd44-82a79832441150de] o.s.c.n.eureka.InstanceInfoFactory       : Setting initial instance status as: STARTING
2025-12-26T22:10:22.197+05:30  INFO 26380 --- [user-service] [springCloudBus.anonymous.2kHdxwROQk-O95ZC640DgQ-1] [694eba73a7a137c8e8ed0b6846ddbd44-82a79832441150de] com.netflix.discovery.DiscoveryClient    : Initializing Eureka in region us-east-1
2025-12-26T22:10:22.197+05:30  INFO 26380 --- [user-service] [springCloudBus.anonymous.2kHdxwROQk-O95ZC640DgQ-1] [694eba73a7a137c8e8ed0b6846ddbd44-82a79832441150de] c.n.d.s.r.aws.ConfigClusterResolver      : Resolving eureka endpoints via configuration
2025-12-26T22:10:22.197+05:30  INFO 26380 --- [user-service] [springCloudBus.anonymous.2kHdxwROQk-O95ZC640DgQ-1] [694eba73a7a137c8e8ed0b6846ddbd44-82a79832441150de] com.netflix.discovery.DiscoveryClient    : Disable delta property : false
2025-12-26T22:10:22.197+05:30  INFO 26380 --- [user-service] [springCloudBus.anonymous.2kHdxwROQk-O95ZC640DgQ-1] [694eba73a7a137c8e8ed0b6846ddbd44-82a79832441150de] com.netflix.discovery.DiscoveryClient    : Single vip registry refresh property : null
2025-12-26T22:10:22.200+05:30  INFO 26380 --- [user-service] [springCloudBus.anonymous.2kHdxwROQk-O95ZC640DgQ-1] [694eba73a7a137c8e8ed0b6846ddbd44-82a79832441150de] com.netflix.discovery.DiscoveryClient    : Force full registry fetch : false
2025-12-26T22:10:22.200+05:30  INFO 26380 --- [user-service] [springCloudBus.anonymous.2kHdxwROQk-O95ZC640DgQ-1] [694eba73a7a137c8e8ed0b6846ddbd44-82a79832441150de] com.netflix.discovery.DiscoveryClient    : Application is null : false
2025-12-26T22:10:22.200+05:30  INFO 26380 --- [user-service] [springCloudBus.anonymous.2kHdxwROQk-O95ZC640DgQ-1] [694eba73a7a137c8e8ed0b6846ddbd44-82a79832441150de] com.netflix.discovery.DiscoveryClient    : Registered Applications size is zero : true
2025-12-26T22:10:22.201+05:30  INFO 26380 --- [user-service] [springCloudBus.anonymous.2kHdxwROQk-O95ZC640DgQ-1] [694eba73a7a137c8e8ed0b6846ddbd44-82a79832441150de] com.netflix.discovery.DiscoveryClient    : Application version is -1: true
2025-12-26T22:10:22.201+05:30  INFO 26380 --- [user-service] [springCloudBus.anonymous.2kHdxwROQk-O95ZC640DgQ-1] [694eba73a7a137c8e8ed0b6846ddbd44-82a79832441150de] com.netflix.discovery.DiscoveryClient    : Getting all instance registry info from the eureka server
2025-12-26T22:10:22.233+05:30  INFO 26380 --- [user-service] [springCloudBus.anonymous.2kHdxwROQk-O95ZC640DgQ-1] [694eba73a7a137c8e8ed0b6846ddbd44-82a79832441150de] com.netflix.discovery.DiscoveryClient    : The response status is 200
2025-12-26T22:10:22.233+05:30  INFO 26380 --- [user-service] [springCloudBus.anonymous.2kHdxwROQk-O95ZC640DgQ-1] [694eba73a7a137c8e8ed0b6846ddbd44-82a79832441150de] com.netflix.discovery.DiscoveryClient    : Starting heartbeat executor: renew interval is: 30
2025-12-26T22:10:22.233+05:30  INFO 26380 --- [user-service] [springCloudBus.anonymous.2kHdxwROQk-O95ZC640DgQ-1] [694eba73a7a137c8e8ed0b6846ddbd44-82a79832441150de] c.n.discovery.InstanceInfoReplicator     : InstanceInfoReplicator onDemand update allowed rate per min is 4
2025-12-26T22:10:22.238+05:30  INFO 26380 --- [user-service] [springCloudBus.anonymous.2kHdxwROQk-O95ZC640DgQ-1] [694eba73a7a137c8e8ed0b6846ddbd44-82a79832441150de] com.netflix.discovery.DiscoveryClient    : Discovery Client initialized at timestamp 1766767222238 with initial instances count: 5
2025-12-26T22:10:22.245+05:30  INFO 26380 --- [user-service] [springCloudBus.anonymous.2kHdxwROQk-O95ZC640DgQ-1] [694eba73a7a137c8e8ed0b6846ddbd44-82a79832441150de] o.s.c.n.e.s.EurekaServiceRegistry        : Unregistering application USER-SERVICE with eureka with status DOWN
2025-12-26T22:10:22.246+05:30  INFO 26380 --- [user-service] [springCloudBus.anonymous.2kHdxwROQk-O95ZC640DgQ-1] [694eba73a7a137c8e8ed0b6846ddbd44-82a79832441150de] com.netflix.discovery.DiscoveryClient    : Saw local status change event StatusChangeEvent [timestamp=1766767222246, current=DOWN, previous=STARTING]
2025-12-26T22:10:22.246+05:30  INFO 26380 --- [user-service] [DiscoveryClient-InstanceInfoReplicator-%d] [                                                 ] com.netflix.discovery.DiscoveryClient    : DiscoveryClient_USER-SERVICE/SamathuRose.mshome.net:user-service:8002: registering service...
2025-12-26T22:10:22.246+05:30  INFO 26380 --- [user-service] [springCloudBus.anonymous.2kHdxwROQk-O95ZC640DgQ-1] [694eba73a7a137c8e8ed0b6846ddbd44-82a79832441150de] o.s.c.n.e.s.EurekaServiceRegistry        : Registering application USER-SERVICE with eureka with status UP
2025-12-26T22:10:22.246+05:30  INFO 26380 --- [user-service] [springCloudBus.anonymous.2kHdxwROQk-O95ZC640DgQ-1] [694eba73a7a137c8e8ed0b6846ddbd44-82a79832441150de] com.netflix.discovery.DiscoveryClient    : Saw local status change event StatusChangeEvent [timestamp=1766767222246, current=UP, previous=DOWN]
2025-12-26T22:10:22.246+05:30  INFO 26380 --- [user-service] [springCloudBus.anonymous.2kHdxwROQk-O95ZC640DgQ-1] [694eba73a7a137c8e8ed0b6846ddbd44-82a79832441150de] o.s.cloud.bus.event.RefreshListener      : Keys refreshed []
2025-12-26T22:10:22.303+05:30  INFO 26380 --- [user-service] [DiscoveryClient-InstanceInfoReplicator-%d] [                                                 ] com.netflix.discovery.DiscoveryClient    : DiscoveryClient_USER-SERVICE/SamathuRose.mshome.net:user-service:8002 - registration status: 204
2025-12-26T22:10:22.384+05:30  INFO 26380 --- [user-service] [springCloudBus.anonymous.2kHdxwROQk-O95ZC640DgQ-1] [694eba73a7a137c8e8ed0b6846ddbd44-82a79832441150de] o.s.c.s.m.DirectWithAttributesChannel    : Channel 'user-service.springCloudBusOutput' has 1 subscriber(s).
2025-12-26T22:10:22.461+05:30  INFO 26380 --- [user-service] [springCloudBus.anonymous.2kHdxwROQk-O95ZC640DgQ-1] [694eba73a7a137c8e8ed0b6846ddbd44-56c8c8a1b486e4d1] o.s.a.r.c.CachingConnectionFactory       : Attempting to connect to: [localhost:5672]
2025-12-26T22:10:22.492+05:30  INFO 26380 --- [user-service] [springCloudBus.anonymous.2kHdxwROQk-O95ZC640DgQ-1] [694eba73a7a137c8e8ed0b6846ddbd44-56c8c8a1b486e4d1] o.s.a.r.c.CachingConnectionFactory       : Created new connection: rabbitConnectionFactory.publisher#58dd6113:0/SimpleConnection@6f5aa201 [delegate=amqp://guest@127.0.0.1:5672/, localPort=60407]
2025-12-26T22:10:22.512+05:30  INFO 26380 --- [user-service] [springCloudBus.anonymous.2kHdxwROQk-O95ZC640DgQ-1] [694eba73a7a137c8e8ed0b6846ddbd44-56c8c8a1b486e4d1] o.s.amqp.rabbit.core.RabbitAdmin         : Auto-declaring a non-durable, auto-delete, or exclusive Queue (springCloudBus.anonymous.2kHdxwROQk-O95ZC640DgQ) durable:false, auto-delete:true, exclusive:true. It will be redeclared if the broker stops and is restarted while the connection factory is alive, but all messages will be lost.
